Log file open, 03/10/23 19:06:21
LogWindows: Failed to load 'aqProf.dll' (GetLastError=126)
LogWindows: File 'aqProf.dll' does not exist
LogWindows: Failed to load 'VtuneApi.dll' (GetLastError=126)
LogWindows: File 'VtuneApi.dll' does not exist
LogWindows: Failed to load 'VtuneApi32e.dll' (GetLastError=126)
LogWindows: File 'VtuneApi32e.dll' does not exist
LogConsoleResponse: Display: Failed to find resolution value strings in scalability ini. Falling back to default.
LogConsoleResponse: Display: Failed to find resolution value strings in scalability ini. Falling back to default.
LogInit: Display: Running engine for game: Platformer2D
LogPlatformFile: Not using cached read wrapper
LogTaskGraph: Started task graph with 5 named threads and 35 total threads with 3 sets of task threads.
LogStats: Stats thread started at 0.323661
LogICUInternationalization: ICU TimeZone Detection - Raw Offset: +3:00, Platform Override: ''
LogInit: Display: Loading text-based GConfig....
LogPluginManager: Mounting plugin MeshPainting
LogPluginManager: Mounting plugin XGEController
LogPluginManager: Mounting plugin Paper2D
LogPluginManager: Mounting plugin LightPropagationVolume
LogPluginManager: Mounting plugin LiveLink
LogPluginManager: Mounting plugin CameraShakePreviewer
LogPluginManager: Mounting plugin OodleData
LogPluginManager: Mounting plugin OodleNetwork
LogPluginManager: Mounting plugin GameplayCameras
LogPluginManager: Mounting plugin AssetManagerEditor
LogPluginManager: Mounting plugin DataValidation
LogPluginManager: Mounting plugin CryptoKeys
LogPluginManager: Mounting plugin CurveEditorTools
LogPluginManager: Mounting plugin GameplayTagsEditor
LogPluginManager: Mounting plugin FacialAnimation
LogPluginManager: Mounting plugin GeometryMode
LogPluginManager: Mounting plugin MaterialAnalyzer
LogPluginManager: Mounting plugin PluginBrowser
LogPluginManager: Mounting plugin MobileLauncherProfileWizard
LogPluginManager: Mounting plugin MacGraphicsSwitching
LogPluginManager: Mounting plugin SpeedTreeImporter
LogPluginManager: Mounting plugin AnimationSharing
LogPluginManager: Mounting plugin CLionSourceCodeAccess
LogPluginManager: Mounting plugin CodeLiteSourceCodeAccess
LogPluginManager: Mounting plugin GitSourceControl
LogPluginManager: Mounting plugin KDevelopSourceCodeAccess
LogPluginManager: Mounting plugin PerforceSourceControl
LogPluginManager: Mounting plugin PixWinPlugin
LogPluginManager: Mounting plugin PluginUtils
LogPluginManager: Mounting plugin PropertyAccessNode
LogPluginManager: Mounting plugin PlasticSourceControl
LogPluginManager: Mounting plugin NullSourceCodeAccess
LogPluginManager: Mounting plugin SubversionSourceControl
LogPluginManager: Mounting plugin RiderSourceCodeAccess
LogPluginManager: Mounting plugin TextureFormatOodle
LogPluginManager: Mounting plugin UObjectPlugin
LogPluginManager: Mounting plugin VisualStudioCodeSourceCodeAccess
LogPluginManager: Mounting plugin VisualStudioSourceCodeAccess
LogPluginManager: Mounting plugin XCodeSourceCodeAccess
LogPluginManager: Mounting plugin DatasmithContent
LogPluginManager: Mounting plugin AlembicImporter
LogPluginManager: Mounting plugin VariantManagerContent
LogPluginManager: Mounting plugin AutomationUtils
LogPluginManager: Mounting plugin BackChannel
LogPluginManager: Mounting plugin ChaosCloth
LogPluginManager: Mounting plugin ChaosClothEditor
LogPluginManager: Mounting plugin ChaosEditor
LogPluginManager: Mounting plugin ChaosNiagara
LogPluginManager: Mounting plugin ChaosSolverPlugin
LogPluginManager: Mounting plugin CharacterAI
LogPluginManager: Mounting plugin MagicLeap
LogPluginManager: Mounting plugin LuminPlatformFeatures
LogPluginManager: Mounting plugin MagicLeapLightEstimation
LogPluginManager: Mounting plugin MagicLeapMedia
LogPluginManager: Mounting plugin MagicLeapPassableWorld
LogPluginManager: Mounting plugin MLSDK
LogPluginManager: Mounting plugin Niagara
LogPluginManager: Mounting plugin TcpMessaging
LogPluginManager: Mounting plugin UdpMessaging
LogPluginManager: Mounting plugin GeometryCache
LogPluginManager: Mounting plugin GeometryCollectionPlugin
LogPluginManager: Mounting plugin GeometryProcessing
LogPluginManager: Mounting plugin MotoSynth
LogPluginManager: Mounting plugin OpenImageDenoise
LogPluginManager: Mounting plugin PlanarCut
LogPluginManager: Mounting plugin PlatformCrypto
LogPluginManager: Mounting plugin ProxyLODPlugin
LogPluginManager: Mounting plugin PythonScriptPlugin
LogPluginManager: Mounting plugin AndroidMedia
LogPluginManager: Mounting plugin ActorSequence
LogPluginManager: Mounting plugin LevelSequenceEditor
LogPluginManager: Mounting plugin MatineeToLevelSequence
LogPluginManager: Mounting plugin AvfMedia
LogPluginManager: Mounting plugin TemplateSequence
LogPluginManager: Mounting plugin ImgMedia
LogPluginManager: Mounting plugin MediaCompositing
LogPluginManager: Mounting plugin SkeletalReduction
LogPluginManager: Mounting plugin MediaPlayerEditor
LogPluginManager: Mounting plugin WebMMedia
LogPluginManager: Mounting plugin WmfMedia
LogPluginManager: Mounting plugin OnlineSubsystem
LogPluginManager: Mounting plugin OnlineSubsystemNull
LogPluginManager: Mounting plugin OnlineSubsystemUtils
LogPluginManager: Mounting plugin LauncherChunkInstaller
LogPluginManager: Mounting plugin ActorLayerUtilities
LogPluginManager: Mounting plugin AndroidDeviceProfileSelector
LogPluginManager: Mounting plugin AndroidMoviePlayer
LogPluginManager: Mounting plugin AndroidPermission
LogPluginManager: Mounting plugin ScreenshotTools
LogPluginManager: Mounting plugin AppleImageUtils
LogPluginManager: Mounting plugin AssetTags
LogPluginManager: Mounting plugin AppleMoviePlayer
LogPluginManager: Mounting plugin ArchVisCharacter
LogPluginManager: Mounting plugin AudioCapture
LogPluginManager: Mounting plugin AudioSynesthesia
LogPluginManager: Mounting plugin CableComponent
LogPluginManager: Mounting plugin CustomMeshComponent
LogPluginManager: Mounting plugin ChunkDownloader
LogPluginManager: Mounting plugin ExampleDeviceProfileSelector
LogPluginManager: Mounting plugin GooglePAD
LogPluginManager: Mounting plugin EditableMesh
LogPluginManager: Mounting plugin IOSDeviceProfileSelector
LogPluginManager: Mounting plugin LinuxDeviceProfileSelector
LogPluginManager: Mounting plugin GoogleCloudMessaging
LogPluginManager: Mounting plugin LocationServicesBPLibrary
LogPluginManager: Mounting plugin MobilePatchingUtils
LogPluginManager: Mounting plugin OpenXREyeTracker
LogPluginManager: Mounting plugin OpenXR
LogPluginManager: Mounting plugin Takes
LogPluginManager: Mounting plugin OpenXRHandTracking
LogPluginManager: Mounting plugin PhysXVehicles
LogPluginManager: Mounting plugin PostSplashScreen
LogPluginManager: Mounting plugin ProceduralMeshComponent
LogPluginManager: Mounting plugin PropertyAccessEditor
LogPluginManager: Mounting plugin RuntimePhysXCooking
LogPluginManager: Mounting plugin SignificanceManager
LogPluginManager: Mounting plugin SoundFields
LogPluginManager: Mounting plugin Synthesis
LogPluginManager: Mounting plugin WindowsMoviePlayer
LogPluginManager: Mounting plugin AISupport
LogPluginManager: Mounting plugin EnvironmentQueryEditor
LogPluginManager: Mounting plugin WebMMoviePlayer
LogPluginManager: Mounting plugin ContentBrowserClassDataSource
LogPluginManager: Mounting plugin ContentBrowserAssetDataSource
LogPluginManager: Mounting plugin ContentBrowserFileDataSource
LogPluginManager: Mounting plugin OnlineSubsystemGooglePlay
LogPluginManager: Mounting plugin OnlineSubsystemIOS
LogPluginManager: Mounting plugin OculusVR
LogPluginManager: Mounting plugin SteamVR
PixWinPlugin: PIX capture plugin failed to initialize! Check that the process is launched from PIX.
LogInit: Using libcurl 7.55.1-DEV
LogInit:  - built for x86_64-pc-win32
LogInit:  - supports SSL with OpenSSL/1.1.1
LogInit:  - supports HTTP deflate (compression) using libz 1.2.8
LogInit:  - other features:
LogInit:      CURL_VERSION_SSL
LogInit:      CURL_VERSION_LIBZ
LogInit:      CURL_VERSION_IPV6
LogInit:      CURL_VERSION_ASYNCHDNS
LogInit:      CURL_VERSION_LARGEFILE
LogInit:      CURL_VERSION_IDN
LogInit:  CurlRequestOptions (configurable via config and command line):
LogInit:  - bVerifyPeer = true  - Libcurl will verify peer certificate
LogInit:  - bUseHttpProxy = false  - Libcurl will NOT use HTTP proxy
LogInit:  - bDontReuseConnections = false  - Libcurl will reuse connections
LogInit:  - MaxHostConnections = 16  - Libcurl will limit the number of connections to a host
LogInit:  - LocalHostAddr = Default
LogInit:  - BufferSize = 65536
LogOnline: OSS: Creating online subsystem instance for: NULL
LogInit: WinSock: version 1.1 (2.2), MaxSocks=32767, MaxUdp=65467
LogOnline: OSS: TryLoadSubsystemAndSetDefault: Loaded subsystem for module [NULL]
LogOculusPluginWrapper: OculusPlugin initialized successfully
LogHMD: Failed initializing OVRPlugin 1.59.0
LogInit: Build: ++UE4+Release-4.27-CL-18319896
LogInit: Engine Version: 4.27.2-18319896+++UE4+Release-4.27
LogInit: Compatible Engine Version: 4.27.0-17155196+++UE4+Release-4.27
LogInit: Net CL: 17155196
LogInit: OS: Windows 10 (Release 2009) (), CPU: Intel(R) Core(TM) i7-9750H CPU @ 2.60GHz, GPU: Intel(R) UHD Graphics 630
LogInit: Compiled (64-bit): Nov 30 2021 07:12:08
LogInit: Compiled with Visual C++: 19.24.28315.00
LogInit: Build Configuration: Development
LogInit: Branch Name: ++UE4+Release-4.27
LogInit: Command Line: 
LogInit: Base Directory: C:/Program Files/New folder/UE_4.27/Engine/Binaries/Win64/
LogInit: Allocator: TBB
LogInit: Installed Engine Build: 1
LogDevObjectVersion: Number of dev versions registered: 29
LogDevObjectVersion:   Dev-Blueprints (B0D832E4-1F89-4F0D-ACCF-7EB736FD4AA2): 10
LogDevObjectVersion:   Dev-Build (E1C64328-A22C-4D53-A36C-8E866417BD8C): 0
LogDevObjectVersion:   Dev-Core (375EC13C-06E4-48FB-B500-84F0262A717E): 4
LogDevObjectVersion:   Dev-Editor (E4B068ED-F494-42E9-A231-DA0B2E46BB41): 40
LogDevObjectVersion:   Dev-Framework (CFFC743F-43B0-4480-9391-14DF171D2073): 37
LogDevObjectVersion:   Dev-Mobile (B02B49B5-BB20-44E9-A304-32B752E40360): 3
LogDevObjectVersion:   Dev-Networking (A4E4105C-59A1-49B5-A7C5-40C4547EDFEE): 0
LogDevObjectVersion:   Dev-Online (39C831C9-5AE6-47DC-9A44-9C173E1C8E7C): 0
LogDevObjectVersion:   Dev-Physics (78F01B33-EBEA-4F98-B9B4-84EACCB95AA2): 14
LogDevObjectVersion:   Dev-Platform (6631380F-2D4D-43E0-8009-CF276956A95A): 0
LogDevObjectVersion:   Dev-Rendering (12F88B9F-8875-4AFC-A67C-D90C383ABD29): 45
LogDevObjectVersion:   Dev-Sequencer (7B5AE74C-D270-4C10-A958-57980B212A5A): 13
LogDevObjectVersion:   Dev-VR (D7296918-1DD6-4BDD-9DE2-64A83CC13884): 3
LogDevObjectVersion:   Dev-LoadTimes (C2A15278-BFE7-4AFE-6C17-90FF531DF755): 1
LogDevObjectVersion:   Private-Geometry (6EACA3D4-40EC-4CC1-B786-8BED09428FC5): 3
LogDevObjectVersion:   Dev-AnimPhys (29E575DD-E0A3-4627-9D10-D276232CDCEA): 17
LogDevObjectVersion:   Dev-Anim (AF43A65D-7FD3-4947-9873-3E8ED9C1BB05): 15
LogDevObjectVersion:   Dev-ReflectionCapture (6B266CEC-1EC7-4B8F-A30B-E4D90942FC07): 1
LogDevObjectVersion:   Dev-Automation (0DF73D61-A23F-47EA-B727-89E90C41499A): 1
LogDevObjectVersion:   FortniteMain (601D1886-AC64-4F84-AA16-D3DE0DEAC7D6): 47
LogDevObjectVersion:   FortniteRelease (E7086368-6B23-4C58-8439-1B7016265E91): 1
LogDevObjectVersion:   Dev-Enterprise (9DFFBCD6-494F-0158-E221-12823C92A888): 10
LogDevObjectVersion:   Dev-Niagara (F2AED0AC-9AFE-416F-8664-AA7FFA26D6FC): 1
LogDevObjectVersion:   Dev-Destruction (174F1F0B-B4C6-45A5-B13F-2EE8D0FB917D): 10
LogDevObjectVersion:   Dev-Physics-Ext (35F94A83-E258-406C-A318-09F59610247C): 41
LogDevObjectVersion:   Dev-PhysicsMaterial-Chaos (B68FC16E-8B1B-42E2-B453-215C058844FE): 1
LogDevObjectVersion:   Dev-CineCamera (B2E18506-4273-CFC2-A54E-F4BB758BBA07): 1
LogDevObjectVersion:   Dev-VirtualProduction (64F58936-FD1B-42BA-BA96-7289D5D0FA4E): 1
LogDevObjectVersion:   Dev-MediaFramework (6F0ED827-A609-4895-9C91-998D90180EA4): 2
LogInit: Presizing for max 25165824 objects, including 0 objects not considered by GC, pre-allocating 0 bytes for permanent pool.
LogConfig: Applying CVar settings from Section [/Script/Engine.StreamingSettings] File [C:/Users/altey/OneDrive/Documents/Unreal Projects/Platformer2D/Saved/Config/Windows/Engine.ini]
LogConfig: Setting CVar [[s.MinBulkDataSizeForAsyncLoading:131072]]
LogConfig: Setting CVar [[s.AsyncLoadingThreadEnabled:0]]
LogConfig: Setting CVar [[s.EventDrivenLoaderEnabled:1]]
LogConfig: Setting CVar [[s.WarnIfTimeLimitExceeded:0]]
LogConfig: Setting CVar [[s.TimeLimitExceededMultiplier:1.5]]
LogConfig: Setting CVar [[s.TimeLimitExceededMinTime:0.005]]
LogConfig: Setting CVar [[s.UseBackgroundLevelStreaming:1]]
LogConfig: Setting CVar [[s.PriorityAsyncLoadingExtraTime:15.0]]
LogConfig: Setting CVar [[s.LevelStreamingActorsUpdateTimeLimit:5.0]]
LogConfig: Setting CVar [[s.PriorityLevelStreamingActorsUpdateExtraTime:5.0]]
LogConfig: Setting CVar [[s.LevelStreamingComponentsRegistrationGranularity:10]]
LogConfig: Setting CVar [[s.UnregisterComponentsTimeLimit:1.0]]
LogConfig: Setting CVar [[s.LevelStreamingComponentsUnregistrationGranularity:5]]
LogConfig: Setting CVar [[s.FlushStreamingOnExit:1]]
LogInit: Object subsystem initialized
LogConfig: Setting CVar [[con.DebugEarlyDefault:1]]
LogConfig: Setting CVar [[r.setres:1280x720]]
[2023.03.10-16.06.22:845][  0]LogConfig: Setting CVar [[r.VSync:0]]
[2023.03.10-16.06.22:845][  0]LogConfig: Setting CVar [[r.RHICmdBypass:0]]
[2023.03.10-16.06.22:845][  0]LogConfig: Applying CVar settings from Section [/Script/Engine.RendererSettings] File [C:/Users/altey/OneDrive/Documents/Unreal Projects/Platformer2D/Saved/Config/Windows/Engine.ini]
[2023.03.10-16.06.22:845][  0]LogConfig: Setting CVar [[r.GPUCrashDebugging:0]]
[2023.03.10-16.06.22:845][  0]LogConfig: Setting CVar [[r.DefaultFeature.AutoExposure.ExtendDefaultLuminanceRange:1]]
[2023.03.10-16.06.22:845][  0]LogConfig: Setting CVar [[r.DefaultFeature.AutoExposure:0]]
[2023.03.10-16.06.22:845][  0]LogConfig: Applying CVar settings from Section [/Script/Engine.RendererOverrideSettings] File [C:/Users/altey/OneDrive/Documents/Unreal Projects/Platformer2D/Saved/Config/Windows/Engine.ini]
[2023.03.10-16.06.22:845][  0]LogConfig: Applying CVar settings from Section [/Script/Engine.StreamingSettings] File [C:/Users/altey/OneDrive/Documents/Unreal Projects/Platformer2D/Saved/Config/Windows/Engine.ini]
[2023.03.10-16.06.22:845][  0]LogConfig: Setting CVar [[s.MinBulkDataSizeForAsyncLoading:131072]]
[2023.03.10-16.06.22:845][  0]LogConfig: Setting CVar [[s.AsyncLoadingThreadEnabled:0]]
[2023.03.10-16.06.22:845][  0]LogConfig: Setting CVar [[s.EventDrivenLoaderEnabled:1]]
[2023.03.10-16.06.22:845][  0]LogConfig: Setting CVar [[s.WarnIfTimeLimitExceeded:0]]
[2023.03.10-16.06.22:845][  0]LogConfig: Setting CVar [[s.TimeLimitExceededMultiplier:1.5]]
[2023.03.10-16.06.22:845][  0]LogConfig: Setting CVar [[s.TimeLimitExceededMinTime:0.005]]
[2023.03.10-16.06.22:845][  0]LogConfig: Setting CVar [[s.UseBackgroundLevelStreaming:1]]
[2023.03.10-16.06.22:845][  0]LogConfig: Setting CVar [[s.PriorityAsyncLoadingExtraTime:15.0]]
[2023.03.10-16.06.22:845][  0]LogConfig: Setting CVar [[s.LevelStreamingActorsUpdateTimeLimit:5.0]]
[2023.03.10-16.06.22:845][  0]LogConfig: Setting CVar [[s.PriorityLevelStreamingActorsUpdateExtraTime:5.0]]
[2023.03.10-16.06.22:845][  0]LogConfig: Setting CVar [[s.LevelStreamingComponentsRegistrationGranularity:10]]
[2023.03.10-16.06.22:845][  0]LogConfig: Setting CVar [[s.UnregisterComponentsTimeLimit:1.0]]
[2023.03.10-16.06.22:845][  0]LogConfig: Setting CVar [[s.LevelStreamingComponentsUnregistrationGranularity:5]]
[2023.03.10-16.06.22:845][  0]LogConfig: Setting CVar [[s.FlushStreamingOnExit:1]]
[2023.03.10-16.06.22:845][  0]LogConfig: Applying CVar settings from Section [/Script/Engine.GarbageCollectionSettings] File [C:/Users/altey/OneDrive/Documents/Unreal Projects/Platformer2D/Saved/Config/Windows/Engine.ini]
[2023.03.10-16.06.22:845][  0]LogConfig: Setting CVar [[gc.MaxObjectsNotConsideredByGC:1]]
[2023.03.10-16.06.22:845][  0]LogConfig: Setting CVar [[gc.SizeOfPermanentObjectPool:0]]
[2023.03.10-16.06.22:845][  0]LogConfig: Setting CVar [[gc.FlushStreamingOnGC:0]]
[2023.03.10-16.06.22:845][  0]LogConfig: Setting CVar [[gc.NumRetriesBeforeForcingGC:10]]
[2023.03.10-16.06.22:845][  0]LogConfig: Setting CVar [[gc.AllowParallelGC:1]]
[2023.03.10-16.06.22:845][  0]LogConfig: Setting CVar [[gc.TimeBetweenPurgingPendingKillObjects:61.1]]
[2023.03.10-16.06.22:845][  0]LogConfig: Setting CVar [[gc.MaxObjectsInEditor:25165824]]
[2023.03.10-16.06.22:845][  0]LogConfig: Setting CVar [[gc.IncrementalBeginDestroyEnabled:1]]
[2023.03.10-16.06.22:845][  0]LogConfig: Setting CVar [[gc.CreateGCClusters:1]]
[2023.03.10-16.06.22:845][  0]LogConfig: Setting CVar [[gc.MinGCClusterSize:5]]
[2023.03.10-16.06.22:845][  0]LogConfig: Setting CVar [[gc.ActorClusteringEnabled:0]]
[2023.03.10-16.06.22:845][  0]LogConfig: Setting CVar [[gc.BlueprintClusteringEnabled:0]]
[2023.03.10-16.06.22:845][  0]LogConfig: Setting CVar [[gc.UseDisregardForGCOnDedicatedServers:0]]
[2023.03.10-16.06.22:845][  0]LogConfig: Setting CVar [[gc.MultithreadedDestructionEnabled:1]]
[2023.03.10-16.06.22:845][  0]LogConfig: Applying CVar settings from Section [/Script/Engine.NetworkSettings] File [C:/Users/altey/OneDrive/Documents/Unreal Projects/Platformer2D/Saved/Config/Windows/Engine.ini]
[2023.03.10-16.06.22:845][  0]LogConfig: Applying CVar settings from Section [/Script/UnrealEd.CookerSettings] File [C:/Users/altey/OneDrive/Documents/Unreal Projects/Platformer2D/Saved/Config/Windows/Engine.ini]
[2023.03.10-16.06.22:857][  0]LogConfig: Applying CVar settings from Section [ViewDistanceQuality@3] File [C:/Users/altey/OneDrive/Documents/Unreal Projects/Platformer2D/Saved/Config/Windows/Scalability.ini]
[2023.03.10-16.06.22:857][  0]LogConfig: Setting CVar [[r.SkeletalMeshLODBias:0]]
[2023.03.10-16.06.22:857][  0]LogConfig: Setting CVar [[r.ViewDistanceScale:1.0]]
[2023.03.10-16.06.22:857][  0]LogConfig: Applying CVar settings from Section [AntiAliasingQuality@3] File [C:/Users/altey/OneDrive/Documents/Unreal Projects/Platformer2D/Saved/Config/Windows/Scalability.ini]
[2023.03.10-16.06.22:857][  0]LogConfig: Setting CVar [[r.PostProcessAAQuality:4]]
[2023.03.10-16.06.22:857][  0]LogConfig: Applying CVar settings from Section [ShadowQuality@3] File [C:/Users/altey/OneDrive/Documents/Unreal Projects/Platformer2D/Saved/Config/Windows/Scalability.ini]
[2023.03.10-16.06.22:857][  0]LogConfig: Setting CVar [[r.LightFunctionQuality:1]]
[2023.03.10-16.06.22:857][  0]LogConfig: Setting CVar [[r.ShadowQuality:5]]
[2023.03.10-16.06.22:857][  0]LogConfig: Setting CVar [[r.Shadow.CSM.MaxCascades:10]]
[2023.03.10-16.06.22:857][  0]LogConfig: Setting CVar [[r.Shadow.MaxResolution:2048]]
[2023.03.10-16.06.22:857][  0]LogConfig: Setting CVar [[r.Shadow.MaxCSMResolution:2048]]
[2023.03.10-16.06.22:857][  0]LogConfig: Setting CVar [[r.Shadow.RadiusThreshold:0.01]]
[2023.03.10-16.06.22:857][  0]LogConfig: Setting CVar [[r.Shadow.DistanceScale:1.0]]
[2023.03.10-16.06.22:857][  0]LogConfig: Setting CVar [[r.Shadow.CSM.TransitionScale:1.0]]
[2023.03.10-16.06.22:857][  0]LogConfig: Setting CVar [[r.Shadow.PreShadowResolutionFactor:1.0]]
[2023.03.10-16.06.22:857][  0]LogConfig: Setting CVar [[r.DistanceFieldShadowing:1]]
[2023.03.10-16.06.22:857][  0]LogConfig: Setting CVar [[r.DistanceFieldAO:1]]
[2023.03.10-16.06.22:857][  0]LogConfig: Setting CVar [[r.AOQuality:2]]
[2023.03.10-16.06.22:857][  0]LogConfig: Setting CVar [[r.VolumetricFog:1]]
[2023.03.10-16.06.22:857][  0]LogConfig: Setting CVar [[r.VolumetricFog.GridPixelSize:8]]
[2023.03.10-16.06.22:857][  0]LogConfig: Setting CVar [[r.VolumetricFog.GridSizeZ:128]]
[2023.03.10-16.06.22:857][  0]LogConfig: Setting CVar [[r.VolumetricFog.HistoryMissSupersampleCount:4]]
[2023.03.10-16.06.22:857][  0]LogConfig: Setting CVar [[r.LightMaxDrawDistanceScale:1]]
[2023.03.10-16.06.22:857][  0]LogConfig: Setting CVar [[r.CapsuleShadows:1]]
[2023.03.10-16.06.22:857][  0]LogConfig: Applying CVar settings from Section [PostProcessQuality@3] File [C:/Users/altey/OneDrive/Documents/Unreal Projects/Platformer2D/Saved/Config/Windows/Scalability.ini]
[2023.03.10-16.06.22:857][  0]LogConfig: Setting CVar [[r.MotionBlurQuality:4]]
[2023.03.10-16.06.22:857][  0]LogConfig: Setting CVar [[r.AmbientOcclusionMipLevelFactor:0.4]]
[2023.03.10-16.06.22:857][  0]LogConfig: Setting CVar [[r.AmbientOcclusionMaxQuality:100]]
[2023.03.10-16.06.22:857][  0]LogConfig: Setting CVar [[r.AmbientOcclusionLevels:-1]]
[2023.03.10-16.06.22:857][  0]LogConfig: Setting CVar [[r.AmbientOcclusionRadiusScale:1.0]]
[2023.03.10-16.06.22:857][  0]LogConfig: Setting CVar [[r.DepthOfFieldQuality:2]]
[2023.03.10-16.06.22:857][  0]LogConfig: Setting CVar [[r.RenderTargetPoolMin:400]]
[2023.03.10-16.06.22:857][  0]LogConfig: Setting CVar [[r.LensFlareQuality:2]]
[2023.03.10-16.06.22:857][  0]LogConfig: Setting CVar [[r.SceneColorFringeQuality:1]]
[2023.03.10-16.06.22:857][  0]LogConfig: Setting CVar [[r.EyeAdaptationQuality:2]]
[2023.03.10-16.06.22:857][  0]LogConfig: Setting CVar [[r.BloomQuality:5]]
[2023.03.10-16.06.22:857][  0]LogConfig: Setting CVar [[r.FastBlurThreshold:100]]
[2023.03.10-16.06.22:857][  0]LogConfig: Setting CVar [[r.Upscale.Quality:3]]
[2023.03.10-16.06.22:857][  0]LogConfig: Setting CVar [[r.Tonemapper.GrainQuantization:1]]
[2023.03.10-16.06.22:857][  0]LogConfig: Setting CVar [[r.LightShaftQuality:1]]
[2023.03.10-16.06.22:857][  0]LogConfig: Setting CVar [[r.Filter.SizeScale:1]]
[2023.03.10-16.06.22:857][  0]LogConfig: Setting CVar [[r.Tonemapper.Quality:5]]
[2023.03.10-16.06.22:857][  0]LogConfig: Setting CVar [[r.DOF.Gather.AccumulatorQuality:1        ; higher gathering accumulator quality]]
[2023.03.10-16.06.22:857][  0]LogConfig: Setting CVar [[r.DOF.Gather.PostfilterMethod:1          ; Median3x3 postfilering method]]
[2023.03.10-16.06.22:857][  0]LogConfig: Setting CVar [[r.DOF.Gather.EnableBokehSettings:0       ; no bokeh simulation when gathering]]
[2023.03.10-16.06.22:857][  0]LogConfig: Setting CVar [[r.DOF.Gather.RingCount:4                 ; medium number of samples when gathering]]
[2023.03.10-16.06.22:857][  0]LogConfig: Setting CVar [[r.DOF.Scatter.ForegroundCompositing:1    ; additive foreground scattering]]
[2023.03.10-16.06.22:857][  0]LogConfig: Setting CVar [[r.DOF.Scatter.BackgroundCompositing:2    ; additive background scattering]]
[2023.03.10-16.06.22:857][  0]LogConfig: Setting CVar [[r.DOF.Scatter.EnableBokehSettings:1      ; bokeh simulation when scattering]]
[2023.03.10-16.06.22:857][  0]LogConfig: Setting CVar [[r.DOF.Scatter.MaxSpriteRatio:0.1         ; only a maximum of 10% of scattered bokeh]]
[2023.03.10-16.06.22:857][  0]LogConfig: Setting CVar [[r.DOF.Recombine.Quality:1                ; cheap slight out of focus]]
[2023.03.10-16.06.22:857][  0]LogConfig: Setting CVar [[r.DOF.Recombine.EnableBokehSettings:0    ; no bokeh simulation on slight out of focus]]
[2023.03.10-16.06.22:857][  0]LogConfig: Setting CVar [[r.DOF.TemporalAAQuality:1                ; more stable temporal accumulation]]
[2023.03.10-16.06.22:857][  0]LogConfig: Setting CVar [[r.DOF.Kernel.MaxForegroundRadius:0.025]]
[2023.03.10-16.06.22:857][  0]LogConfig: Setting CVar [[r.DOF.Kernel.MaxBackgroundRadius:0.025]]
[2023.03.10-16.06.22:857][  0]LogConfig: Applying CVar settings from Section [TextureQuality@3] File [C:/Users/altey/OneDrive/Documents/Unreal Projects/Platformer2D/Saved/Config/Windows/Scalability.ini]
[2023.03.10-16.06.22:857][  0]LogConfig: Setting CVar [[r.Streaming.MipBias:0]]
[2023.03.10-16.06.22:857][  0]LogConfig: Setting CVar [[r.Streaming.AmortizeCPUToGPUCopy:0]]
[2023.03.10-16.06.22:857][  0]LogConfig: Setting CVar [[r.Streaming.MaxNumTexturesToStreamPerFrame:0]]
[2023.03.10-16.06.22:857][  0]LogConfig: Setting CVar [[r.Streaming.Boost:1]]
[2023.03.10-16.06.22:857][  0]LogConfig: Setting CVar [[r.MaxAnisotropy:8]]
[2023.03.10-16.06.22:857][  0]LogConfig: Setting CVar [[r.VT.MaxAnisotropy:8]]
[2023.03.10-16.06.22:857][  0]LogConfig: Setting CVar [[r.Streaming.LimitPoolSizeToVRAM:0]]
[2023.03.10-16.06.22:857][  0]LogConfig: Setting CVar [[r.Streaming.PoolSize:1000]]
[2023.03.10-16.06.22:857][  0]LogConfig: Setting CVar [[r.Streaming.MaxEffectiveScreenSize:0]]
[2023.03.10-16.06.22:857][  0]LogConfig: Applying CVar settings from Section [EffectsQuality@3] File [C:/Users/altey/OneDrive/Documents/Unreal Projects/Platformer2D/Saved/Config/Windows/Scalability.ini]
[2023.03.10-16.06.22:857][  0]LogConfig: Setting CVar [[r.TranslucencyLightingVolumeDim:64]]
[2023.03.10-16.06.22:857][  0]LogConfig: Setting CVar [[r.RefractionQuality:2]]
[2023.03.10-16.06.22:858][  0]LogConfig: Setting CVar [[r.SSR.Quality:3]]
[2023.03.10-16.06.22:858][  0]LogConfig: Setting CVar [[r.SSR.HalfResSceneColor:0]]
[2023.03.10-16.06.22:858][  0]LogConfig: Setting CVar [[r.SceneColorFormat:4]]
[2023.03.10-16.06.22:858][  0]LogConfig: Setting CVar [[r.DetailMode:2]]
[2023.03.10-16.06.22:858][  0]LogConfig: Setting CVar [[r.TranslucencyVolumeBlur:1]]
[2023.03.10-16.06.22:858][  0]LogConfig: Setting CVar [[r.MaterialQualityLevel:1 ; High quality]]
[2023.03.10-16.06.22:858][  0]LogConfig: Setting CVar [[r.AnisotropicMaterials:1]]
[2023.03.10-16.06.22:858][  0]LogConfig: Setting CVar [[r.SSS.Scale:1]]
[2023.03.10-16.06.22:858][  0]LogConfig: Setting CVar [[r.SSS.SampleSet:2]]
[2023.03.10-16.06.22:858][  0]LogConfig: Setting CVar [[r.SSS.Quality:1]]
[2023.03.10-16.06.22:858][  0]LogConfig: Setting CVar [[r.SSS.HalfRes:0]]
[2023.03.10-16.06.22:858][  0]LogConfig: Setting CVar [[r.SSGI.Quality:3]]
[2023.03.10-16.06.22:858][  0]LogConfig: Setting CVar [[r.EmitterSpawnRateScale:1.0]]
[2023.03.10-16.06.22:858][  0]LogConfig: Setting CVar [[r.ParticleLightQuality:2]]
[2023.03.10-16.06.22:858][  0]LogConfig: Setting CVar [[r.SkyAtmosphere.AerialPerspectiveLUT.FastApplyOnOpaque:1 ; Always have FastSkyLUT 1 in this case to avoid wrong sky]]
[2023.03.10-16.06.22:858][  0]LogConfig: Setting CVar [[r.SkyAtmosphere.AerialPerspectiveLUT.SampleCountMaxPerSlice:4]]
[2023.03.10-16.06.22:858][  0]LogConfig: Setting CVar [[r.SkyAtmosphere.AerialPerspectiveLUT.DepthResolution:16.0]]
[2023.03.10-16.06.22:858][  0]LogConfig: Setting CVar [[r.SkyAtmosphere.FastSkyLUT:1]]
[2023.03.10-16.06.22:858][  0]LogConfig: Setting CVar [[r.SkyAtmosphere.FastSkyLUT.SampleCountMin:4.0]]
[2023.03.10-16.06.22:858][  0]LogConfig: Setting CVar [[r.SkyAtmosphere.FastSkyLUT.SampleCountMax:128.0]]
[2023.03.10-16.06.22:858][  0]LogConfig: Setting CVar [[r.SkyAtmosphere.SampleCountMin:4.0]]
[2023.03.10-16.06.22:858][  0]LogConfig: Setting CVar [[r.SkyAtmosphere.SampleCountMax:128.0]]
[2023.03.10-16.06.22:858][  0]LogConfig: Setting CVar [[r.SkyAtmosphere.TransmittanceLUT.UseSmallFormat:0]]
[2023.03.10-16.06.22:858][  0]LogConfig: Setting CVar [[r.SkyAtmosphere.TransmittanceLUT.SampleCount:10.0]]
[2023.03.10-16.06.22:858][  0]LogConfig: Setting CVar [[r.SkyAtmosphere.MultiScatteringLUT.SampleCount:15.0]]
[2023.03.10-16.06.22:858][  0]LogConfig: Setting CVar [[r.SkyLight.RealTimeReflectionCapture:1]]
[2023.03.10-16.06.22:858][  0]LogConfig: Applying CVar settings from Section [FoliageQuality@3] File [C:/Users/altey/OneDrive/Documents/Unreal Projects/Platformer2D/Saved/Config/Windows/Scalability.ini]
[2023.03.10-16.06.22:858][  0]LogConfig: Setting CVar [[foliage.DensityScale:1.0]]
[2023.03.10-16.06.22:858][  0]LogConfig: Setting CVar [[grass.DensityScale:1.0]]
[2023.03.10-16.06.22:858][  0]LogConfig: Applying CVar settings from Section [ShadingQuality@3] File [C:/Users/altey/OneDrive/Documents/Unreal Projects/Platformer2D/Saved/Config/Windows/Scalability.ini]
[2023.03.10-16.06.22:858][  0]LogConfig: Setting CVar [[r.HairStrands.SkyLighting.IntegrationType:2]]
[2023.03.10-16.06.22:858][  0]LogConfig: Setting CVar [[r.HairStrands.SkyAO.SampleCount:4]]
[2023.03.10-16.06.22:858][  0]LogConfig: Setting CVar [[r.HairStrands.Visibility.MSAA.SamplePerPixel:4]]
[2023.03.10-16.06.22:858][  0]LogInit: Selected Device Profile: [Windows]
[2023.03.10-16.06.22:858][  0]LogInit: Applying CVar settings loaded from the selected device profile: [Windows]
[2023.03.10-16.06.22:858][  0]LogHAL: Display: Platform has ~ 16 GB [17019686912 / 17179869184 / 16], which maps to Larger [LargestMinGB=32, LargerMinGB=12, DefaultMinGB=8, SmallerMinGB=6, SmallestMinGB=0)
[2023.03.10-16.06.22:858][  0]LogInit: Going up to parent DeviceProfile []
[2023.03.10-16.06.22:858][  0]LogConfig: Applying CVar settings from Section [ViewDistanceQuality@3] File [C:/Users/altey/OneDrive/Documents/Unreal Projects/Platformer2D/Saved/Config/Windows/Scalability.ini]
[2023.03.10-16.06.22:858][  0]LogConfig: Setting CVar [[r.SkeletalMeshLODBias:0]]
[2023.03.10-16.06.22:858][  0]LogConfig: Setting CVar [[r.ViewDistanceScale:1.0]]
[2023.03.10-16.06.22:858][  0]LogConfig: Applying CVar settings from Section [AntiAliasingQuality@3] File [C:/Users/altey/OneDrive/Documents/Unreal Projects/Platformer2D/Saved/Config/Windows/Scalability.ini]
[2023.03.10-16.06.22:858][  0]LogConfig: Setting CVar [[r.PostProcessAAQuality:4]]
[2023.03.10-16.06.22:858][  0]LogConfig: Applying CVar settings from Section [ShadowQuality@3] File [C:/Users/altey/OneDrive/Documents/Unreal Projects/Platformer2D/Saved/Config/Windows/Scalability.ini]
[2023.03.10-16.06.22:858][  0]LogConfig: Setting CVar [[r.LightFunctionQuality:1]]
[2023.03.10-16.06.22:858][  0]LogConfig: Setting CVar [[r.ShadowQuality:5]]
[2023.03.10-16.06.22:858][  0]LogConfig: Setting CVar [[r.Shadow.CSM.MaxCascades:10]]
[2023.03.10-16.06.22:858][  0]LogConfig: Setting CVar [[r.Shadow.MaxResolution:2048]]
[2023.03.10-16.06.22:858][  0]LogConfig: Setting CVar [[r.Shadow.MaxCSMResolution:2048]]
[2023.03.10-16.06.22:858][  0]LogConfig: Setting CVar [[r.Shadow.RadiusThreshold:0.01]]
[2023.03.10-16.06.22:858][  0]LogConfig: Setting CVar [[r.Shadow.DistanceScale:1.0]]
[2023.03.10-16.06.22:858][  0]LogConfig: Setting CVar [[r.Shadow.CSM.TransitionScale:1.0]]
[2023.03.10-16.06.22:858][  0]LogConfig: Setting CVar [[r.Shadow.PreShadowResolutionFactor:1.0]]
[2023.03.10-16.06.22:858][  0]LogConfig: Setting CVar [[r.DistanceFieldShadowing:1]]
[2023.03.10-16.06.22:858][  0]LogConfig: Setting CVar [[r.DistanceFieldAO:1]]
[2023.03.10-16.06.22:858][  0]LogConfig: Setting CVar [[r.AOQuality:2]]
[2023.03.10-16.06.22:858][  0]LogConfig: Setting CVar [[r.VolumetricFog:1]]
[2023.03.10-16.06.22:858][  0]LogConfig: Setting CVar [[r.VolumetricFog.GridPixelSize:8]]
[2023.03.10-16.06.22:858][  0]LogConfig: Setting CVar [[r.VolumetricFog.GridSizeZ:128]]
[2023.03.10-16.06.22:858][  0]LogConfig: Setting CVar [[r.VolumetricFog.HistoryMissSupersampleCount:4]]
[2023.03.10-16.06.22:858][  0]LogConfig: Setting CVar [[r.LightMaxDrawDistanceScale:1]]
[2023.03.10-16.06.22:858][  0]LogConfig: Setting CVar [[r.CapsuleShadows:1]]
[2023.03.10-16.06.22:858][  0]LogConfig: Applying CVar settings from Section [PostProcessQuality@3] File [C:/Users/altey/OneDrive/Documents/Unreal Projects/Platformer2D/Saved/Config/Windows/Scalability.ini]
[2023.03.10-16.06.22:858][  0]LogConfig: Setting CVar [[r.MotionBlurQuality:4]]
[2023.03.10-16.06.22:858][  0]LogConfig: Setting CVar [[r.AmbientOcclusionMipLevelFactor:0.4]]
[2023.03.10-16.06.22:858][  0]LogConfig: Setting CVar [[r.AmbientOcclusionMaxQuality:100]]
[2023.03.10-16.06.22:858][  0]LogConfig: Setting CVar [[r.AmbientOcclusionLevels:-1]]
[2023.03.10-16.06.22:858][  0]LogConfig: Setting CVar [[r.AmbientOcclusionRadiusScale:1.0]]
[2023.03.10-16.06.22:858][  0]LogConfig: Setting CVar [[r.DepthOfFieldQuality:2]]
[2023.03.10-16.06.22:858][  0]LogConfig: Setting CVar [[r.RenderTargetPoolMin:400]]
[2023.03.10-16.06.22:858][  0]LogConfig: Setting CVar [[r.LensFlareQuality:2]]
[2023.03.10-16.06.22:858][  0]LogConfig: Setting CVar [[r.SceneColorFringeQuality:1]]
[2023.03.10-16.06.22:858][  0]LogConfig: Setting CVar [[r.EyeAdaptationQuality:2]]
[2023.03.10-16.06.22:858][  0]LogConfig: Setting CVar [[r.BloomQuality:5]]
[2023.03.10-16.06.22:858][  0]LogConfig: Setting CVar [[r.FastBlurThreshold:100]]
[2023.03.10-16.06.22:858][  0]LogConfig: Setting CVar [[r.Upscale.Quality:3]]
[2023.03.10-16.06.22:859][  0]LogConfig: Setting CVar [[r.Tonemapper.GrainQuantization:1]]
[2023.03.10-16.06.22:859][  0]LogConfig: Setting CVar [[r.LightShaftQuality:1]]
[2023.03.10-16.06.22:859][  0]LogConfig: Setting CVar [[r.Filter.SizeScale:1]]
[2023.03.10-16.06.22:859][  0]LogConfig: Setting CVar [[r.Tonemapper.Quality:5]]
[2023.03.10-16.06.22:859][  0]LogConfig: Setting CVar [[r.DOF.Gather.AccumulatorQuality:1        ; higher gathering accumulator quality]]
[2023.03.10-16.06.22:859][  0]LogConfig: Setting CVar [[r.DOF.Gather.PostfilterMethod:1          ; Median3x3 postfilering method]]
[2023.03.10-16.06.22:859][  0]LogConfig: Setting CVar [[r.DOF.Gather.EnableBokehSettings:0       ; no bokeh simulation when gathering]]
[2023.03.10-16.06.22:859][  0]LogConfig: Setting CVar [[r.DOF.Gather.RingCount:4                 ; medium number of samples when gathering]]
[2023.03.10-16.06.22:859][  0]LogConfig: Setting CVar [[r.DOF.Scatter.ForegroundCompositing:1    ; additive foreground scattering]]
[2023.03.10-16.06.22:859][  0]LogConfig: Setting CVar [[r.DOF.Scatter.BackgroundCompositing:2    ; additive background scattering]]
[2023.03.10-16.06.22:859][  0]LogConfig: Setting CVar [[r.DOF.Scatter.EnableBokehSettings:1      ; bokeh simulation when scattering]]
[2023.03.10-16.06.22:859][  0]LogConfig: Setting CVar [[r.DOF.Scatter.MaxSpriteRatio:0.1         ; only a maximum of 10% of scattered bokeh]]
[2023.03.10-16.06.22:859][  0]LogConfig: Setting CVar [[r.DOF.Recombine.Quality:1                ; cheap slight out of focus]]
[2023.03.10-16.06.22:859][  0]LogConfig: Setting CVar [[r.DOF.Recombine.EnableBokehSettings:0    ; no bokeh simulation on slight out of focus]]
[2023.03.10-16.06.22:859][  0]LogConfig: Setting CVar [[r.DOF.TemporalAAQuality:1                ; more stable temporal accumulation]]
[2023.03.10-16.06.22:859][  0]LogConfig: Setting CVar [[r.DOF.Kernel.MaxForegroundRadius:0.025]]
[2023.03.10-16.06.22:859][  0]LogConfig: Setting CVar [[r.DOF.Kernel.MaxBackgroundRadius:0.025]]
[2023.03.10-16.06.22:859][  0]LogConfig: Applying CVar settings from Section [TextureQuality@3] File [C:/Users/altey/OneDrive/Documents/Unreal Projects/Platformer2D/Saved/Config/Windows/Scalability.ini]
[2023.03.10-16.06.22:859][  0]LogConfig: Setting CVar [[r.Streaming.MipBias:0]]
[2023.03.10-16.06.22:859][  0]LogConfig: Setting CVar [[r.Streaming.AmortizeCPUToGPUCopy:0]]
[2023.03.10-16.06.22:859][  0]LogConfig: Setting CVar [[r.Streaming.MaxNumTexturesToStreamPerFrame:0]]
[2023.03.10-16.06.22:859][  0]LogConfig: Setting CVar [[r.Streaming.Boost:1]]
[2023.03.10-16.06.22:859][  0]LogConfig: Setting CVar [[r.MaxAnisotropy:8]]
[2023.03.10-16.06.22:859][  0]LogConfig: Setting CVar [[r.VT.MaxAnisotropy:8]]
[2023.03.10-16.06.22:859][  0]LogConfig: Setting CVar [[r.Streaming.LimitPoolSizeToVRAM:0]]
[2023.03.10-16.06.22:859][  0]LogConfig: Setting CVar [[r.Streaming.PoolSize:1000]]
[2023.03.10-16.06.22:859][  0]LogConfig: Setting CVar [[r.Streaming.MaxEffectiveScreenSize:0]]
[2023.03.10-16.06.22:859][  0]LogConfig: Applying CVar settings from Section [EffectsQuality@3] File [C:/Users/altey/OneDrive/Documents/Unreal Projects/Platformer2D/Saved/Config/Windows/Scalability.ini]
[2023.03.10-16.06.22:859][  0]LogConfig: Setting CVar [[r.TranslucencyLightingVolumeDim:64]]
[2023.03.10-16.06.22:859][  0]LogConfig: Setting CVar [[r.RefractionQuality:2]]
[2023.03.10-16.06.22:859][  0]LogConfig: Setting CVar [[r.SSR.Quality:3]]
[2023.03.10-16.06.22:859][  0]LogConfig: Setting CVar [[r.SSR.HalfResSceneColor:0]]
[2023.03.10-16.06.22:859][  0]LogConfig: Setting CVar [[r.SceneColorFormat:4]]
[2023.03.10-16.06.22:859][  0]LogConfig: Setting CVar [[r.DetailMode:2]]
[2023.03.10-16.06.22:859][  0]LogConfig: Setting CVar [[r.TranslucencyVolumeBlur:1]]
[2023.03.10-16.06.22:859][  0]LogConfig: Setting CVar [[r.MaterialQualityLevel:1 ; High quality]]
[2023.03.10-16.06.22:859][  0]LogConfig: Setting CVar [[r.AnisotropicMaterials:1]]
[2023.03.10-16.06.22:859][  0]LogConfig: Setting CVar [[r.SSS.Scale:1]]
[2023.03.10-16.06.22:859][  0]LogConfig: Setting CVar [[r.SSS.SampleSet:2]]
[2023.03.10-16.06.22:859][  0]LogConfig: Setting CVar [[r.SSS.Quality:1]]
[2023.03.10-16.06.22:859][  0]LogConfig: Setting CVar [[r.SSS.HalfRes:0]]
[2023.03.10-16.06.22:859][  0]LogConfig: Setting CVar [[r.SSGI.Quality:3]]
[2023.03.10-16.06.22:859][  0]LogConfig: Setting CVar [[r.EmitterSpawnRateScale:1.0]]
[2023.03.10-16.06.22:859][  0]LogConfig: Setting CVar [[r.ParticleLightQuality:2]]
[2023.03.10-16.06.22:859][  0]LogConfig: Setting CVar [[r.SkyAtmosphere.AerialPerspectiveLUT.FastApplyOnOpaque:1 ; Always have FastSkyLUT 1 in this case to avoid wrong sky]]
[2023.03.10-16.06.22:859][  0]LogConfig: Setting CVar [[r.SkyAtmosphere.AerialPerspectiveLUT.SampleCountMaxPerSlice:4]]
[2023.03.10-16.06.22:859][  0]LogConfig: Setting CVar [[r.SkyAtmosphere.AerialPerspectiveLUT.DepthResolution:16.0]]
[2023.03.10-16.06.22:859][  0]LogConfig: Setting CVar [[r.SkyAtmosphere.FastSkyLUT:1]]
[2023.03.10-16.06.22:859][  0]LogConfig: Setting CVar [[r.SkyAtmosphere.FastSkyLUT.SampleCountMin:4.0]]
[2023.03.10-16.06.22:859][  0]LogConfig: Setting CVar [[r.SkyAtmosphere.FastSkyLUT.SampleCountMax:128.0]]
[2023.03.10-16.06.22:859][  0]LogConfig: Setting CVar [[r.SkyAtmosphere.SampleCountMin:4.0]]
[2023.03.10-16.06.22:859][  0]LogConfig: Setting CVar [[r.SkyAtmosphere.SampleCountMax:128.0]]
[2023.03.10-16.06.22:859][  0]LogConfig: Setting CVar [[r.SkyAtmosphere.TransmittanceLUT.UseSmallFormat:0]]
[2023.03.10-16.06.22:859][  0]LogConfig: Setting CVar [[r.SkyAtmosphere.TransmittanceLUT.SampleCount:10.0]]
[2023.03.10-16.06.22:859][  0]LogConfig: Setting CVar [[r.SkyAtmosphere.MultiScatteringLUT.SampleCount:15.0]]
[2023.03.10-16.06.22:859][  0]LogConfig: Setting CVar [[r.SkyLight.RealTimeReflectionCapture:1]]
[2023.03.10-16.06.22:859][  0]LogConfig: Applying CVar settings from Section [FoliageQuality@3] File [C:/Users/altey/OneDrive/Documents/Unreal Projects/Platformer2D/Saved/Config/Windows/Scalability.ini]
[2023.03.10-16.06.22:859][  0]LogConfig: Setting CVar [[foliage.DensityScale:1.0]]
[2023.03.10-16.06.22:859][  0]LogConfig: Setting CVar [[grass.DensityScale:1.0]]
[2023.03.10-16.06.22:859][  0]LogConfig: Applying CVar settings from Section [ShadingQuality@3] File [C:/Users/altey/OneDrive/Documents/Unreal Projects/Platformer2D/Saved/Config/Windows/Scalability.ini]
[2023.03.10-16.06.22:859][  0]LogConfig: Setting CVar [[r.HairStrands.SkyLighting.IntegrationType:2]]
[2023.03.10-16.06.22:859][  0]LogConfig: Setting CVar [[r.HairStrands.SkyAO.SampleCount:4]]
[2023.03.10-16.06.22:859][  0]LogConfig: Setting CVar [[r.HairStrands.Visibility.MSAA.SamplePerPixel:4]]
[2023.03.10-16.06.22:859][  0]LogConfig: Applying CVar settings from Section [Startup] File [../../../Engine/Config/ConsoleVariables.ini]
[2023.03.10-16.06.22:860][  0]LogConfig: Setting CVar [[net.UseAdaptiveNetUpdateFrequency:0]]
[2023.03.10-16.06.22:860][  0]LogConfig: Setting CVar [[p.chaos.AllowCreatePhysxBodies:1]]
[2023.03.10-16.06.22:860][  0]LogConfig: Setting CVar [[fx.SkipVectorVMBackendOptimizations:1]]
[2023.03.10-16.06.22:860][  0]LogConfig: Applying CVar settings from Section [ConsoleVariables] File [C:/Users/altey/OneDrive/Documents/Unreal Projects/Platformer2D/Saved/Config/Windows/Engine.ini]
[2023.03.10-16.06.22:860][  0]LogConfig: Applying CVar settings from Section [ConsoleVariables] File [C:/Users/altey/OneDrive/Documents/Unreal Projects/Platformer2D/Saved/Config/Windows/Editor.ini]
[2023.03.10-16.06.22:860][  0]LogInit: Computer: LAPTOP-TNTNIKD7
[2023.03.10-16.06.22:860][  0]LogInit: User: altey
[2023.03.10-16.06.22:860][  0]LogInit: CPU Page size=4096, Cores=6
[2023.03.10-16.06.22:860][  0]LogInit: High frequency timer resolution =10.000000 MHz
[2023.03.10-16.06.22:860][  0]LogMemory: Memory total: Physical=15.9GB (16GB approx)
[2023.03.10-16.06.22:860][  0]LogMemory: Platform Memory Stats for Windows
[2023.03.10-16.06.22:860][  0]LogMemory: Process Physical Memory: 146.77 MB used, 146.77 MB peak
[2023.03.10-16.06.22:860][  0]LogMemory: Process Virtual Memory: 130.11 MB used, 130.11 MB peak
[2023.03.10-16.06.22:860][  0]LogMemory: Physical Memory: 10563.33 MB used,  5667.91 MB free, 16231.24 MB total
[2023.03.10-16.06.22:860][  0]LogMemory: Virtual Memory: 134210968.00 MB used,  6757.72 MB free, 134217728.00 MB total
[2023.03.10-16.06.22:866][  0]LogWindows: WindowsPlatformFeatures enabled
[2023.03.10-16.06.22:922][  0]LogInit: Physics initialised using underlying interface: PhysX
[2023.03.10-16.06.22:924][  0]LogInit: Using OS detected language (en-US).
[2023.03.10-16.06.22:924][  0]LogInit: Using OS detected locale (en-US).
[2023.03.10-16.06.22:930][  0]LogTextLocalizationManager: No specific localization for 'en-US' exists, so the 'en' localization will be used.
[2023.03.10-16.06.23:308][  0]LogInit: Setting process to per monitor DPI aware
[2023.03.10-16.06.23:336][  0]LogWindowsTextInputMethodSystem: Display: IME system deactivated.
[2023.03.10-16.06.23:374][  0]LogSlate: New Slate User Created.  User Index 0, Is Virtual User: 0
[2023.03.10-16.06.23:374][  0]LogSlate: Slate User Registered.  User Index 0, Is Virtual User: 0
[2023.03.10-16.06.26:389][  0]LogD3D11RHI: Loaded GFSDK_Aftermath_Lib.x64.dll
[2023.03.10-16.06.32:211][  0]LogHMD: Failed to initialize OpenVR with code 108
[2023.03.10-16.06.32:211][  0]LogD3D11RHI: D3D11 min allowed feature level: 11_0
[2023.03.10-16.06.32:211][  0]LogD3D11RHI: D3D11 max allowed feature level: 11_0
[2023.03.10-16.06.32:211][  0]LogD3D11RHI: D3D11 adapters:
[2023.03.10-16.06.32:354][  0]LogD3D11RHI:    0. 'NVIDIA GeForce GTX 1660 Ti' (Feature Level 11_0)
[2023.03.10-16.06.32:354][  0]LogD3D11RHI:       5979/0/8115 MB DedicatedVideo/DedicatedSystem/SharedSystem, Outputs:1, VendorId:0x10de
[2023.03.10-16.06.32:382][  0]LogD3D11RHI:    1. 'Intel(R) UHD Graphics 630' (Feature Level 11_0)
[2023.03.10-16.06.32:382][  0]LogD3D11RHI:       128/0/8115 MB DedicatedVideo/DedicatedSystem/SharedSystem, Outputs:0, VendorId:0x8086
[2023.03.10-16.06.32:385][  0]LogD3D11RHI:    2. 'Microsoft Basic Render Driver' (Feature Level 11_0)
[2023.03.10-16.06.32:385][  0]LogD3D11RHI:       0/0/8115 MB DedicatedVideo/DedicatedSystem/SharedSystem, Outputs:0, VendorId:0x1414
[2023.03.10-16.06.32:385][  0]LogD3D11RHI: Chosen D3D11 Adapter:
[2023.03.10-16.06.32:385][  0]LogD3D11RHI:     Description : NVIDIA GeForce GTX 1660 Ti
[2023.03.10-16.06.32:385][  0]LogD3D11RHI:     VendorId    : 10de
[2023.03.10-16.06.32:385][  0]LogD3D11RHI:     DeviceId    : 2191
[2023.03.10-16.06.32:385][  0]LogD3D11RHI:     SubSysId    : 13431025
[2023.03.10-16.06.32:385][  0]LogD3D11RHI:     Revision    : 00a1
[2023.03.10-16.06.32:385][  0]LogD3D11RHI:     DedicatedVideoMemory : 6269435904 bytes
[2023.03.10-16.06.32:385][  0]LogD3D11RHI:     DedicatedSystemMemory : 0 bytes
[2023.03.10-16.06.32:385][  0]LogD3D11RHI:     SharedSystemMemory : 8509843456 bytes
[2023.03.10-16.06.32:385][  0]LogD3D11RHI:     AdapterLuid : 0 75917
[2023.03.10-16.06.32:393][  0]LogD3D11RHI: Creating new Direct3DDevice
[2023.03.10-16.06.32:393][  0]LogD3D11RHI:     GPU DeviceId: 0x2191 (for the marketing name, search the web for "GPU Device Id")
[2023.03.10-16.06.32:393][  0]LogWindows: EnumDisplayDevices:
[2023.03.10-16.06.32:393][  0]LogWindows:    0. 'Intel(R) UHD Graphics 630' (P:1 D:1)
[2023.03.10-16.06.32:393][  0]LogWindows:    1. 'Intel(R) UHD Graphics 630' (P:0 D:0)
[2023.03.10-16.06.32:394][  0]LogWindows:    2. 'Intel(R) UHD Graphics 630' (P:0 D:0)
[2023.03.10-16.06.32:394][  0]LogWindows:    3. 'NVIDIA GeForce GTX 1660 Ti' (P:0 D:0)
[2023.03.10-16.06.32:394][  0]LogWindows:    4. 'NVIDIA GeForce GTX 1660 Ti' (P:0 D:0)
[2023.03.10-16.06.32:394][  0]LogWindows:    5. 'NVIDIA GeForce GTX 1660 Ti' (P:0 D:0)
[2023.03.10-16.06.32:395][  0]LogWindows:    6. 'NVIDIA GeForce GTX 1660 Ti' (P:0 D:0)
[2023.03.10-16.06.32:395][  0]LogWindows: DebugString: PrimaryIsNotTheChoosenAdapter PrimaryIsNotTheChoosenAdapter PrimaryIsNotTheChoosenAdapter FoundDriverCount:4 
[2023.03.10-16.06.32:395][  0]LogD3D11RHI:     Adapter Name: NVIDIA GeForce GTX 1660 Ti
[2023.03.10-16.06.32:395][  0]LogD3D11RHI:   Driver Version: 526.98 (internal:31.0.15.2698, unified:526.98)
[2023.03.10-16.06.32:395][  0]LogD3D11RHI:      Driver Date: 11-13-2022
[2023.03.10-16.06.32:395][  0]LogRHI: Texture pool is 4185 MB (70% of 5979 MB)
[2023.03.10-16.06.32:395][  0]LogD3D11RHI: Creating D3DDevice using adapter:
[2023.03.10-16.06.32:395][  0]LogD3D11RHI:     Description : NVIDIA GeForce GTX 1660 Ti
[2023.03.10-16.06.32:395][  0]LogD3D11RHI:     VendorId    : 10de
[2023.03.10-16.06.32:395][  0]LogD3D11RHI:     DeviceId    : 2191
[2023.03.10-16.06.32:395][  0]LogD3D11RHI:     SubSysId    : 13431025
[2023.03.10-16.06.32:395][  0]LogD3D11RHI:     Revision    : 00a1
[2023.03.10-16.06.32:395][  0]LogD3D11RHI:     DedicatedVideoMemory : 6269435904 bytes
[2023.03.10-16.06.32:395][  0]LogD3D11RHI:     DedicatedSystemMemory : 0 bytes
[2023.03.10-16.06.32:395][  0]LogD3D11RHI:     SharedSystemMemory : 8509843456 bytes
[2023.03.10-16.06.32:395][  0]LogD3D11RHI:     AdapterLuid : 0 75917
[2023.03.10-16.06.32:486][  0]LogD3D11RHI: RHI has support for 64 bit atomics
[2023.03.10-16.06.32:486][  0]LogD3D11RHI: Async texture creation enabled
[2023.03.10-16.06.32:486][  0]LogD3D11RHI: Array index from any shader is supported
[2023.03.10-16.06.32:502][  0]LogD3D11RHI: GPU Timing Frequency: 1000.000000 (Debug: 2 1)
[2023.03.10-16.06.32:560][  0]LogRHI: GeForceNow SDK initialized: 1
[2023.03.10-16.06.33:022][  0]LogTargetPlatformManager: Display: Loaded TargetPlatform 'AllDesktop'
[2023.03.10-16.06.33:056][  0]LogTargetPlatformManager: Display: Loaded TargetPlatform 'Android'
[2023.03.10-16.06.33:056][  0]LogTargetPlatformManager: Display: Loaded TargetPlatform 'Android_ASTC'
[2023.03.10-16.06.33:056][  0]LogTargetPlatformManager: Display: Loaded TargetPlatform 'Android_DXT'
[2023.03.10-16.06.33:056][  0]LogTargetPlatformManager: Display: Loaded TargetPlatform 'Android_ETC2'
[2023.03.10-16.06.33:056][  0]LogTargetPlatformManager: Display: Loaded TargetPlatform 'AndroidClient'
[2023.03.10-16.06.33:056][  0]LogTargetPlatformManager: Display: Loaded TargetPlatform 'Android_ASTCClient'
[2023.03.10-16.06.33:056][  0]LogTargetPlatformManager: Display: Loaded TargetPlatform 'Android_DXTClient'
[2023.03.10-16.06.33:056][  0]LogTargetPlatformManager: Display: Loaded TargetPlatform 'Android_ETC2Client'
[2023.03.10-16.06.33:056][  0]LogTargetPlatformManager: Display: Loaded TargetPlatform 'Android_Multi'
[2023.03.10-16.06.33:056][  0]LogTargetPlatformManager: Display: Loaded TargetPlatform 'Android_MultiClient'
[2023.03.10-16.06.33:087][  0]LogTargetPlatformManager: Display: Loaded TargetPlatform 'IOSClient'
[2023.03.10-16.06.33:087][  0]LogTargetPlatformManager: Display: Loaded TargetPlatform 'IOS'
[2023.03.10-16.06.33:103][  0]LogTargetPlatformManager: Display: Loaded TargetPlatform 'Linux'
[2023.03.10-16.06.33:109][  0]LogTargetPlatformManager: Display: Loaded TargetPlatform 'LinuxNoEditor'
[2023.03.10-16.06.33:115][  0]LogTargetPlatformManager: Display: Loaded TargetPlatform 'LinuxClient'
[2023.03.10-16.06.33:120][  0]LogTargetPlatformManager: Display: Loaded TargetPlatform 'LinuxServer'
[2023.03.10-16.06.33:132][  0]LogTargetPlatformManager: Display: Loaded TargetPlatform 'LinuxAArch64NoEditor'
[2023.03.10-16.06.33:138][  0]LogTargetPlatformManager: Display: Loaded TargetPlatform 'LinuxAArch64Client'
[2023.03.10-16.06.33:143][  0]LogTargetPlatformManager: Display: Loaded TargetPlatform 'LinuxAArch64Server'
[2023.03.10-16.06.33:172][  0]LogTargetPlatformManager: Display: Loaded TargetPlatform 'Lumin'
[2023.03.10-16.06.33:172][  0]LogTargetPlatformManager: Display: Loaded TargetPlatform 'LuminClient'
[2023.03.10-16.06.33:185][  0]LogTargetPlatformManager: Display: Loaded TargetPlatform 'MacNoEditor'
[2023.03.10-16.06.33:191][  0]LogTargetPlatformManager: Display: Loaded TargetPlatform 'Mac'
[2023.03.10-16.06.33:196][  0]LogTargetPlatformManager: Display: Loaded TargetPlatform 'MacClient'
[2023.03.10-16.06.33:201][  0]LogTargetPlatformManager: Display: Loaded TargetPlatform 'MacServer'
[2023.03.10-16.06.33:213][  0]LogTargetPlatformManager: Display: Loaded TargetPlatform 'TVOSClient'
[2023.03.10-16.06.33:213][  0]LogTargetPlatformManager: Display: Loaded TargetPlatform 'TVOS'
[2023.03.10-16.06.33:228][  0]LogTargetPlatformManager: Display: Loaded TargetPlatform 'WindowsNoEditor'
[2023.03.10-16.06.33:233][  0]LogTargetPlatformManager: Display: Loaded TargetPlatform 'Windows'
[2023.03.10-16.06.33:239][  0]LogTargetPlatformManager: Display: Loaded TargetPlatform 'WindowsClient'
[2023.03.10-16.06.33:245][  0]LogTargetPlatformManager: Display: Loaded TargetPlatform 'WindowsServer'
[2023.03.10-16.06.33:245][  0]LogTargetPlatformManager: Display: Building Assets For Windows
[2023.03.10-16.06.33:257][  0]LogAudioDebug: Display: Lib vorbis DLL was dynamically loaded.
[2023.03.10-16.06.33:312][  0]LogTextureFormatOodle: Display: Oodle Texture 2.9.0 init RDO Off
[2023.03.10-16.06.33:374][  0]LogRendererCore: Ray tracing is disabled. Reason: r.RayTracing=0.
[2023.03.10-16.06.33:374][  0]LogShaderCompilers: Guid format shader working directory is -31 characters bigger than the processId version (../../../../../../Users/altey/OneDrive/Documents/Unreal Projects/Platformer2D/Intermediate/Shaders/WorkingDirectory/2132/).
[2023.03.10-16.06.33:375][  0]LogShaderCompilers: Cleaned the shader compiler working directory 'C:/Users/altey/AppData/Local/Temp/UnrealShaderWorkingDir/70CA827042ABFBD40B503B8615E8922A/'.
[2023.03.10-16.06.33:375][  0]LogXGEController: Cannot use XGE Controller as Incredibuild is not installed on this machine.
[2023.03.10-16.06.33:375][  0]LogShaderCompilers: Cannot use XGE Shader Compiler as Incredibuild is not installed on this machine.
[2023.03.10-16.06.33:375][  0]LogShaderCompilers: Display: Using Local Shader Compiler.
[2023.03.10-16.06.36:213][  0]LogDerivedDataCache: Display: Max Cache Size: 512 MB
[2023.03.10-16.06.36:300][  0]LogDerivedDataCache: Loaded boot cache 0.09s 94MB C:/Users/altey/AppData/Local/UnrealEngine/4.27/DerivedDataCache/Boot.ddc.
[2023.03.10-16.06.36:300][  0]LogDerivedDataCache: Display: Loaded Boot cache: C:/Users/altey/AppData/Local/UnrealEngine/4.27/DerivedDataCache/Boot.ddc
[2023.03.10-16.06.36:300][  0]LogDerivedDataCache: FDerivedDataBackendGraph:  Pak pak cache file ../../../../../../Users/altey/OneDrive/Documents/Unreal Projects/Platformer2D/DerivedDataCache/DDC.ddp not found, will not use a pak cache.
[2023.03.10-16.06.36:301][  0]LogDerivedDataCache: Unable to find inner node Pak for hierarchical cache Hierarchy.
[2023.03.10-16.06.36:301][  0]LogDerivedDataCache: FDerivedDataBackendGraph:  CompressedPak pak cache file ../../../../../../Users/altey/OneDrive/Documents/Unreal Projects/Platformer2D/DerivedDataCache/Compressed.ddp not found, will not use a pak cache.
[2023.03.10-16.06.36:301][  0]LogDerivedDataCache: Unable to find inner node CompressedPak for hierarchical cache Hierarchy.
[2023.03.10-16.06.36:318][  0]LogDerivedDataCache: Display: Pak cache opened for reading ../../../Engine/DerivedDataCache/Compressed.ddp.
[2023.03.10-16.06.36:318][  0]LogDerivedDataCache: FDerivedDataBackendGraph:  EnterprisePak pak cache file ../../../Enterprise/DerivedDataCache/Compressed.ddp not found, will not use a pak cache.
[2023.03.10-16.06.36:318][  0]LogDerivedDataCache: Unable to find inner node EnterprisePak for hierarchical cache Hierarchy.
[2023.03.10-16.06.36:333][  0]LogDerivedDataCache: Speed tests for C:/Users/altey/AppData/Local/UnrealEngine/Common/DerivedDataCache took 0.01 seconds
[2023.03.10-16.06.36:333][  0]LogDerivedDataCache: Display: Performance to C:/Users/altey/AppData/Local/UnrealEngine/Common/DerivedDataCache: Latency=0.08ms. RandomReadSpeed=117.42MBs, RandomWriteSpeed=154.58MBs. Assigned SpeedClass 'Local'
[2023.03.10-16.06.36:333][  0]LogDerivedDataCache: Using Local data cache path C:/Users/altey/AppData/Local/UnrealEngine/Common/DerivedDataCache: Writable
[2023.03.10-16.06.36:334][  0]LogDerivedDataCache: Shared data cache path not found in *engine.ini, will not use an Shared cache.
[2023.03.10-16.06.36:334][  0]LogDerivedDataCache: Unable to find inner node Shared for hierarchical cache Hierarchy.
[2023.03.10-16.06.36:380][  0]LogSlate: Using FreeType 2.10.0
[2023.03.10-16.06.36:398][  0]LogSlate: SlateFontServices - WITH_FREETYPE: 1, WITH_HARFBUZZ: 1
[2023.03.10-16.06.36:432][  0]LogAssetRegistry: FAssetRegistry took 0.0029 seconds to start up
[2023.03.10-16.06.36:695][  0]LogInit: Selected Device Profile: [Windows]
[2023.03.10-16.06.36:695][  0]LogInit: Active device profile: [000001EEAD995100][000001EEAD10A100 49] Windows
[2023.03.10-16.06.36:695][  0]LogInit: Profiles: [000001EEAD995100][000001EEAD10A100 49] Windows, [000001EEAD95A700][000001EEAD112280 49] WindowsNoEditor, [000001EEAD996200][000001EEAD116400 49] WindowsServer, [000001EEAD959900][000001EEAD11A580 49] WindowsClient, [000001EEAD995700][000001EEAE130700 49] IOS, [000001EEAD95A900][000001EEAE134880 49] iPadAir, [000001EEAD997C00][000001EEAD10E9C0 49] iPadAir2, [000001EEAD901400][000001EEAE13CC00 49] IPadPro, [000001EEAD901500][000001EEAE138C40 49] iPadAir3, [000001EEAD95BA00][000001EEAE140D80 49] iPadAir4, [000001EEAD902300][000001EEAE148F00 49] iPadMini2, [000001EEAD95B100][000001EEAE14D080 49] iPadMini3, [000001EEAD902F00][000001EEAE151200 49] iPadMini4, [000001EEAD959E00][000001EEAE155380 49] iPadMini5, [000001EEAD925000][000001EEAE15D640 49] iPhone6, [000001EEAD925100][000001EEAE159680 49] iPodTouch6, [000001EEAD997900][000001EEAE165940 49] iPhone7, [000001EEAD996900][000001EEAE161980 49] iPodTouch7, [000001EEAD901000][000001EEAE169B00 49] iPhone5S, [000001EEAD996F00][000001EEAE16C100 49] iPhone6Plus, [000001EEAD903600][000001EEAE170280 49] iPhone6S, [000001EEAD994C00][000001EEAE174400 49] iPhone6SPlus, [000001EEAD995D00][000001EEAE178580 49] iPhone7Plus, [000001EEAD924800][000001EEAE17C700 49] iPhoneSE, [000001EEAD994400][000001EEAE180880 49] iPhone8, [000001EEAD924900][000001EEAE184A00 49] iPhone8Plus, [000001EEAD926E00][000001EEAE144B40 49] iPhoneX, [000001EEAD901D00][000001EEAE188C80 49] iPhoneXS, [000001EEAD926700][000001EEAE18CDC0 49] iPhoneXSMax, [000001EEAD901C00][000001EEAE190F00 49] iPhoneXR, [000001EEAD926800][000001EEAE199080 49] iPhone11, [000001EEAD900F00][000001EEAE19D200 49] iPhone11Pro, [000001EEAD924B00][000001EEAE1A1380 49] iPhone11ProMax, [000001EEAD900D00][000001EEAE1A5500 49] iPhoneSE2, [000001EEAD924E00][000001EEAE1A9680 49] iPhone12Mini, [000001EEAD997800][000001EEAE1AD800 49] iPhone12, [000001EEAD927000][000001EEAE1B1980 49] iPhone12Pro, [000001EEAD997700][000001EEAE1B5B00 49] iPhone12ProMax, [000001EEAD925E00][000001EEAE1B8100 49] iPadPro105, [000001EEAD995300][000001EEAE1BC280 49] iPadPro129, [000001EEAD927E00][000001EEAE1C0400 49] iPadPro97, [000001EEAD995C00][000001EEAE1C4580 49] iPadPro2_129, [000001EEAD926000][000001EEAE1C8700 49] iPad5, [000001EEAD996300][000001EEAE1CC880 49] iPad6, [000001EEAD927B00][000001EEAE1D0A00 49] iPad7, [000001EEAD995E00][000001EEAE1D4B80 49] iPad8, [000001EEAD924A00][000001EEAE1D8D00 49] iPadPro11, [000001EEAD996600][000001EEAE194E40 49] iPadPro2_11, [000001EEAD924F00][000001EEAE1DCF80 49] iPadPro3_129, [000001EEAD996800][000001EEAE1E10C0 49] iPadPro4_129, [000001EEAD927C00][000001EEAE1E9240 49] AppleTV, [000001EEAD995A00][000001EEAE1ED3C0 49] AppleTV4K, [000001EEAD926600][000001EEAE1F1540 49] TVOS, [000001EEAD996100][000001EEAE1F56C0 49] Mac, [000001EEAD926F00][000001EEAE1F9840 49] MacClient, [000001EEAD996A00][000001EEAE1FD9C0 49] MacNoEditor, [000001EEAD926C00][000001EEAE201B40 49] MacServer, [000001EEAD997000][000001EEAE204140 49] Linux, [000001EEAD924400][000001EEAE2082C0 49] LinuxAArch64, [000001EEAD994700][000001EEAE20C440 49] LinuxNoEditor, [000001EEAD927700][000001EEAE2105C0 49] LinuxAArch64NoEditor, [000001EEAD997B00][000001EEAE214740 49] LinuxClient, [000001EEAD927400][000001EEAE2188C0 49] LinuxAArch64Client, [000001EEAD997E00][000001EEAE21CA40 49] LinuxServer, [000001EEAD924700][000001EEAE220BC0 49] LinuxAArch64Server, [000001EEAD995F00][000001EEAE224D40 49] Android, [000001EEAD926A00][000001EEAE228EC0 49] Android_Low, [000001EEAD996D00][000001EEAE1E5000 49] Android_Mid, [000001EEAD925F00][000001EEAE22D140 49] Android_High, [000001EEAD996B00][000001EEAE231280 49] Android_Default, [000001EEAD924100][000001EEAE2353C0 49] Android_Adreno4xx, [000001EEAD994500][000001EEAE23D540 49] Android_Adreno5xx_Low, [000001EEAD925400][000001EEAE2416C0 49] Android_Adreno5xx, [000001EEAD997400][000001EEAE245840 49] Android_Adreno6xx, [000001EEAD926300][000001EEAE2499C0 49] Android_Adreno6xx_Vulkan, [000001EEAD997D00][000001EEAE24DB40 49] Android_Mali_T6xx, [000001EEAD924200][000001EEAE250140 49] Android_Mali_T7xx, [000001EEAD997600][000001EEAE2542C0 49] Android_Mali_T8xx, [000001EEAD927200][000001EEAE258440 49] Android_Mali_G71, [000001EEAD903100][000001EEAE25C5C0 49] Android_Mali_G72, [000001EEAD95AF00][000001EEAE260740 49] Android_Mali_G72_Vulkan, [000001EEAD902B00][000001EEAE2648C0 49] Android_Mali_G76, [000001EEAD958500][000001EEAE268A40 49] Android_Mali_G76_Vulkan, [000001EEAD900C00][000001EEAE26CBC0 49] Android_Mali_G77, [000001EEAD958600][000001EEAE270D40 49] Android_Mali_G77_Vulkan, [000001EEAD902400][000001EEAE274EC0 49] Android_Mali_G78, [000001EEAD958D00][000001EEAE279040 49] Android_Mali_G78_Vulkan, [000001EEAD903D00][000001EEAE239180 49] Android_Mali_G710, [000001EEAD95AB00][000001EEAE27D2C0 49] Android_Mali_G710_Vulkan, [000001EEAD902A00][000001EEAE281400 49] Android_Vulkan_SM5, [000001EEAD959A00][000001EEAE285540 49] Android_PowerVR_G6xxx, [000001EEAD900500][000001EEAE28D6C0 49] Android_PowerVR_GT7xxx, [000001EEAD958200][000001EEAE291840 49] Android_PowerVR_GE8xxx, [000001EEAD903B00][000001EEAE2959C0 49] Android_PowerVR_GM9xxx, [000001EEAD95A100][000001EEAE299B40 49] Android_PowerVR_GM9xxx_Vulkan, [000001EEAD901F00][000001EEAE29C140 49] Android_TegraK1, [000001EEAD958A00][000001EEAE2A02C0 49] Android_Unknown_Vulkan, [000001EEAD903900][000001EEAE2A4440 49] Lumin, [000001EEAD959100][000001EEAE2A85C0 49] Lumin_Desktop, [000001EEAD902000][000001EEAE2AC740 49] HoloLens, 
[2023.03.10-16.06.36:940][  0]LogMeshReduction: Using QuadricMeshReduction for automatic static mesh reduction
[2023.03.10-16.06.36:940][  0]LogMeshReduction: Using SimplygonMeshReduction for automatic skeletal mesh reduction
[2023.03.10-16.06.36:940][  0]LogMeshReduction: Using ProxyLODMeshReduction for automatic mesh merging
[2023.03.10-16.06.36:940][  0]LogMeshReduction: No distributed automatic mesh merging module available
[2023.03.10-16.06.36:940][  0]LogMeshMerging: No distributed automatic mesh merging module available
[2023.03.10-16.06.36:986][  0]LogNetVersion: Platformer2D 1.0.0, NetCL: 17155196, EngineNetVer: 17, GameNetVer: 0 (Checksum: 3876402694)
[2023.03.10-16.06.38:092][  0]LogTexture: Default maximum texture size for cubemaps generated from long-lat sources has been changed from 512 to unlimited. In order to preserve old behaiour for '/Engine/MapTemplates/Sky/DaylightAmbientCubemap.DaylightAmbientCubemap', its maximum texture size has been explicitly set to 512.
[2023.03.10-16.06.38:239][  0]LogHMD: PokeAHoleMaterial loaded successfully
[2023.03.10-16.06.38:248][  0]LogUObjectArray: 17178 objects as part of root set at end of initial load.
[2023.03.10-16.06.38:248][  0]LogUObjectAllocator: 4302048 out of 0 bytes used by permanent object pool.
[2023.03.10-16.06.38:248][  0]LogUObjectArray: CloseDisregardForGC: 0/0 objects in disregard for GC pool
[2023.03.10-16.06.39:014][  0]LogNiagaraDebuggerClient: Niagara Debugger Client Initialized | Session: F4115DB34083C52DF0B87BB397A22F38 | Instance: A1B35F9F444728881A06D59866DB0C96 (LAPTOP-TNTNIKD7-2132).
[2023.03.10-16.06.39:053][  0]LogTcpMessaging: Initializing TcpMessaging bridge
[2023.03.10-16.06.39:057][  0]LogUdpMessaging: Initializing bridge on interface 0.0.0.0:0 to multicast group 230.0.0.1:6666.
[2023.03.10-16.06.39:070][  0]LogPython: Using Python 3.7.7
[2023.03.10-16.06.40:119][  0]SourceControl: Source control is disabled
[2023.03.10-16.06.40:634][  0]LogUProjectInfo: Found projects:
[2023.03.10-16.06.40:838][  0]LogOpenImageDenoise: OIDN starting up
[2023.03.10-16.06.40:871][  0]LogAndroidPermission: UAndroidPermissionCallbackProxy::GetInstance
[2023.03.10-16.06.40:898][  0]LogAudioCaptureCore: Display: No Audio Capture implementations found. Audio input will be silent.
[2023.03.10-16.06.40:898][  0]LogAudioCaptureCore: Display: No Audio Capture implementations found. Audio input will be silent.
[2023.03.10-16.06.41:095][  0]LogCollectionManager: Loaded 0 collections in 0.001882 seconds
[2023.03.10-16.06.41:139][  0]LogFileCache: Scanning file cache for directory 'C:/Users/altey/OneDrive/Documents/Unreal Projects/Platformer2D/Saved/Collections/' took 0.00s
[2023.03.10-16.06.41:139][  0]LogFileCache: Scanning file cache for directory 'C:/Users/altey/OneDrive/Documents/Unreal Projects/Platformer2D/Content/Developers/altey/Collections/' took 0.00s
[2023.03.10-16.06.41:139][  0]LogFileCache: Scanning file cache for directory 'C:/Users/altey/OneDrive/Documents/Unreal Projects/Platformer2D/Content/Collections/' took 0.00s
[2023.03.10-16.06.41:139][  0]LogOcInput: OculusInput pre-init called
[2023.03.10-16.06.41:417][  0]LogEngine: Initializing Engine...
[2023.03.10-16.06.41:475][  0]LogHMD: Failed to initialize OpenVR with code 108
[2023.03.10-16.06.41:498][  0]LogHMD: Optional extension XR_VARJO_quad_views is not available
[2023.03.10-16.06.41:498][  0]LogHMD: Warning: Required extension XR_EXT_eye_gaze_interaction is not available
[2023.03.10-16.06.41:498][  0]LogHMD: Could not enable all required OpenXR extensions for OpenXREyeTracker on current system. This plugin will be loaded but ignored, but will be enabled on a target platform that supports the required extension.
[2023.03.10-16.06.41:537][  0]LogHMD: Failed to create an OpenXR instance, result is XR_ERROR_RUNTIME_FAILURE. Please check if you have an OpenXR runtime installed. The following extensions were enabled:
[2023.03.10-16.06.41:537][  0]LogHMD: - XR_KHR_D3D11_enable
[2023.03.10-16.06.41:537][  0]LogHMD: - XR_KHR_D3D12_enable
[2023.03.10-16.06.41:537][  0]LogHMD: - XR_KHR_opengl_enable
[2023.03.10-16.06.41:537][  0]LogHMD: - XR_KHR_vulkan_enable
[2023.03.10-16.06.41:537][  0]LogHMD: - XR_KHR_composition_layer_depth
[2023.03.10-16.06.41:537][  0]LogHMD: - XR_KHR_visibility_mask
[2023.03.10-16.06.41:537][  0]LogHMD: - XR_EXT_hand_tracking
[2023.03.10-16.06.41:537][  0]LogMagicLeap: Warning: VR disabled because ZI is not enabled.  To enable, in the editor, Edit -> Project Settings -> Plugins -> Magic Leap Plugin -> Enable Zero Iteration
[2023.03.10-16.06.41:538][  0]LogStats: UGameplayTagsManager::InitializeManager -  0.000 s
[2023.03.10-16.06.41:805][  0]LogInit: Initializing FReadOnlyCVARCache
[2023.03.10-16.06.41:817][  0]LogAIModule: Creating AISystem for world Untitled
[2023.03.10-16.06.41:817][  0]LogAudio: Display: Initializing Audio Device Manager...
[2023.03.10-16.06.41:821][  0]LogAudio: Display: Loading Default Audio Settings Objects...
[2023.03.10-16.06.41:822][  0]LogAudio: Display: No default SoundConcurrencyObject specified (or failed to load).
[2023.03.10-16.06.41:822][  0]LogAudio: Display: Audio Device Manager Initialized
[2023.03.10-16.06.41:822][  0]LogAudio: Display: Creating Audio Device:                 Id: 1, Scope: Shared, Realtime: True
[2023.03.10-16.06.41:822][  0]LogAudioMixer: Display: Audio Mixer Platform Settings:
[2023.03.10-16.06.41:822][  0]LogAudioMixer: Display: 	Sample Rate:						  48000
[2023.03.10-16.06.41:822][  0]LogAudioMixer: Display: 	Callback Buffer Frame Size Requested: 256
[2023.03.10-16.06.41:822][  0]LogAudioMixer: Display: 	Callback Buffer Frame Size To Use:	  256
[2023.03.10-16.06.41:822][  0]LogAudioMixer: Display: 	Number of buffers to queue:			  7
[2023.03.10-16.06.41:822][  0]LogAudioMixer: Display: 	Max Channels (voices):				  32
[2023.03.10-16.06.41:822][  0]LogAudioMixer: Display: 	Number of Async Source Workers:		  0
[2023.03.10-16.06.41:822][  0]LogAudio: Display: AudioDevice MaxSources: 32
[2023.03.10-16.06.41:823][  0]LogAudio: Display: Audio Spatialization Plugin: None (built-in).
[2023.03.10-16.06.41:823][  0]LogAudio: Display: Audio Reverb Plugin: None (built-in).
[2023.03.10-16.06.41:823][  0]LogAudio: Display: Audio Occlusion Plugin: None (built-in).
[2023.03.10-16.06.41:823][  0]LogAudioMixer: Display: Initializing audio mixer.
[2023.03.10-16.06.41:846][  0]LogAudioMixer: Display: 0: FrontLeft
[2023.03.10-16.06.41:846][  0]LogAudioMixer: Display: 1: FrontRight
[2023.03.10-16.06.41:942][  0]LogAudioMixer: Display: Using Audio Device Speakers (Realtek(R) Audio)
[2023.03.10-16.06.41:943][  0]LogAudioMixer: Display: Initializing Sound Submixes...
[2023.03.10-16.06.41:954][  0]LogAudioMixer: Display: Creating Master Submix 'MasterSubmixDefault'
[2023.03.10-16.06.41:954][  0]LogAudioMixer: Display: Creating Master Submix 'MasterReverbSubmixDefault'
[2023.03.10-16.06.41:955][  0]LogAudioMixer: Display: Creating Master Submix 'MasterEQSubmixDefault'
[2023.03.10-16.06.41:955][  0]LogAudioMixer: FMixerPlatformXAudio2::StartAudioStream() called
[2023.03.10-16.06.41:955][  0]LogAudioMixer: Display: Output buffers initialized: Frames=256, Channels=2, Samples=512
[2023.03.10-16.06.41:956][  0]LogAudioMixer: Display: Starting AudioMixerPlatformInterface::RunInternal()
[2023.03.10-16.06.41:956][  0]LogAudioMixer: Display: FMixerPlatformXAudio2::SubmitBuffer() called for the first time
[2023.03.10-16.06.41:956][  0]LogInit: FAudioDevice initialized.
[2023.03.10-16.06.41:956][  0]LogAudio: Display: Audio Device (ID: 1) registered with world 'Untitled'.
[2023.03.10-16.06.41:956][  0]LogNetVersion: Set ProjectVersion to 1.0.0.0. Version Checksum will be recalculated on next use.
[2023.03.10-16.06.42:010][  0]LogDerivedDataCache: Saved boot cache 0.06s 94MB C:/Users/altey/AppData/Local/UnrealEngine/4.27/DerivedDataCache/Boot.ddc.
[2023.03.10-16.06.42:010][  0]LogInit: Texture streaming: Enabled
[2023.03.10-16.06.42:025][  0]LogAnalytics: Display: [UEEditor.Rocket.Release] APIServer = https://datarouter.ol.epicgames.com/. AppVersion = 4.27.2-18319896+++UE4+Release-4.27
[2023.03.10-16.06.42:028][  0]LogEngineSessionManager: EngineSessionManager initialized
[2023.03.10-16.06.42:028][  0]LogEditorSessionSummary: Verbose: Initializing EditorSessionSummaryWriter for editor session tracking
[2023.03.10-16.06.42:030][  0]LogEditorSessionSummary: EditorSessionSummaryWriter initialized
[2023.03.10-16.06.42:062][  0]LogInit: Transaction tracking system initialized
[2023.03.10-16.06.42:091][  0]BlueprintLog: New page: Editor Load
[2023.03.10-16.06.42:167][  0]LocalizationService: Localization service is disabled
[2023.03.10-16.06.42:194][  0]TimingProfiler: Initialize
[2023.03.10-16.06.42:194][  0]TimingProfiler: OnSessionChanged
[2023.03.10-16.06.42:194][  0]LoadingProfiler: Initialize
[2023.03.10-16.06.42:194][  0]LoadingProfiler: OnSessionChanged
[2023.03.10-16.06.42:194][  0]NetworkingProfiler: Initialize
[2023.03.10-16.06.42:194][  0]NetworkingProfiler: OnSessionChanged
[2023.03.10-16.06.42:194][  0]MemoryProfiler: Initialize
[2023.03.10-16.06.42:194][  0]MemoryProfiler: OnSessionChanged
[2023.03.10-16.06.42:512][  0]LogCook: Display: CookSettings for Memory: MemoryMaxUsedVirtual 0MiB, MemoryMaxUsedPhysical 16384MiB, MemoryMinFreeVirtual 0MiB, MemoryMinFreePhysical 1024MiB
[2023.03.10-16.06.42:512][  0]LogCook: Display: Mobile HDR setting 1
[2023.03.10-16.06.42:717][  0]LogFileCache: Scanning file cache for directory 'C:/Users/altey/OneDrive/Documents/Unreal Projects/Platformer2D/Content/' took 0.00s
[2023.03.10-16.06.42:909][  0]LogInit: Display: Engine is initialized. Leaving FEngineLoop::Init()
[2023.03.10-16.06.42:913][  0]LogUnrealEdMisc: Loading editor; pre map load, took 22.446
[2023.03.10-16.06.42:913][  0]Cmd: MAP LOAD FILE="../../../../../../Users/altey/OneDrive/Documents/Unreal Projects/Platformer2D/Content/Maps/Main.umap" TEMPLATE=0 SHOWPROGRESS=1 FEATURELEVEL=3
[2023.03.10-16.06.42:913][  0]LightingResults: New page: Lighting Build
[2023.03.10-16.06.42:915][  0]LogWorld: UWorld::CleanupWorld for Untitled, bSessionEnded=true, bCleanupResources=true
[2023.03.10-16.06.42:915][  0]LogSlate: InvalidateAllWidgets triggered.  All widgets were invalidated
[2023.03.10-16.06.42:915][  0]MapCheck: New page: Map Check
[2023.03.10-16.06.42:915][  0]LightingResults: New page: Lighting Build
[2023.03.10-16.06.42:919][  0]LogAudio: Display: Audio Device unregistered from world 'None'.
[2023.03.10-16.06.42:921][  0]LogUObjectHash: Compacting FUObjectHashTables data took   0.73ms
[2023.03.10-16.06.43:132][  0]LogAudio: Display: Audio Device (ID: 1) registered with world 'Main'.
[2023.03.10-16.06.43:133][  0]LogAIModule: Creating AISystem for world Main
[2023.03.10-16.06.43:149][  0]LogEditorServer: Finished looking for orphan Actors (0.000 secs)
[2023.03.10-16.06.43:163][  0]LogUObjectHash: Compacting FUObjectHashTables data took   0.79ms
[2023.03.10-16.06.43:163][  0]Cmd: MAP CHECKDEP NOCLEARLOG
[2023.03.10-16.06.43:164][  0]MapCheck: Map check complete: 0 Error(s), 0 Warning(s), took 0.149ms to complete.
[2023.03.10-16.06.43:164][  0]LogFileHelpers: Loading map 'Main' took 0.251
[2023.03.10-16.06.43:165][  0]LogUnrealEdMisc: Total Editor Startup Time, took 22.699
[2023.03.10-16.06.43:279][  0]LogSlate: Updating window title bar state: overlay mode, drag disabled, window buttons hidden, title bar hidden
[2023.03.10-16.06.43:289][  0]LogSlate: Updating window title bar state: overlay mode, drag disabled, window buttons hidden, title bar hidden
[2023.03.10-16.06.43:300][  0]LogSlate: Updating window title bar state: overlay mode, drag disabled, window buttons hidden, title bar hidden
[2023.03.10-16.06.43:306][  0]LogSlate: Updating window title bar state: overlay mode, drag disabled, window buttons hidden, title bar hidden
[2023.03.10-16.06.43:330][  0]LogNativeClassHierarchy: Verbose: Native class hierarchy populated in 0.0197 seconds. Added 3822 classes and 928 folders.
[2023.03.10-16.06.43:335][  0]LogNativeClassHierarchy: Verbose: Native class hierarchy updated for 'WidgetCarousel' in 0.0003 seconds. Added 0 classes and 0 folders.
[2023.03.10-16.06.43:337][  0]LogPakFile: PakFile PrimaryIndexSize=191
[2023.03.10-16.06.43:337][  0]LogPakFile: PakFile PathHashIndexSize=101
[2023.03.10-16.06.43:337][  0]LogPakFile: PakFile FullDirectoryIndexSize=160
[2023.03.10-16.06.43:337][  0]LogShaderLibrary: Display: ShaderCodeLibraryPakFileMountedCallback: PakFile 'C:/Program Files/New folder/UE_4.27/FeaturePacks/MobileStarterContent.upack' (chunk index -1, root 'root:/') mounted
[2023.03.10-16.06.43:337][  0]LogShaderLibrary: Display: ShaderCodeLibraryPakFileMountedCallback: pending pak file info (ChunkID:-1 Root:root:/ File:C:/Program Files/New folder/UE_4.27/FeaturePacks/MobileStarterContent.upack)
[2023.03.10-16.06.43:337][  0]LogPakFile: OnPakFileMounted2Time == 0.000062
[2023.03.10-16.06.43:338][  0]LogPakFile: PakFile PrimaryIndexSize=185
[2023.03.10-16.06.43:338][  0]LogPakFile: PakFile PathHashIndexSize=101
[2023.03.10-16.06.43:338][  0]LogPakFile: PakFile FullDirectoryIndexSize=148
[2023.03.10-16.06.43:338][  0]LogShaderLibrary: Display: ShaderCodeLibraryPakFileMountedCallback: PakFile 'C:/Program Files/New folder/UE_4.27/FeaturePacks/StarterContent.upack' (chunk index -1, root 'root:/') mounted
[2023.03.10-16.06.43:338][  0]LogShaderLibrary: Display: ShaderCodeLibraryPakFileMountedCallback: pending pak file info (ChunkID:-1 Root:root:/ File:C:/Program Files/New folder/UE_4.27/FeaturePacks/StarterContent.upack)
[2023.03.10-16.06.43:338][  0]LogPakFile: OnPakFileMounted2Time == 0.000048
[2023.03.10-16.06.43:341][  0]LogNativeClassHierarchy: Verbose: Native class hierarchy updated for 'AddContentDialog' in 0.0005 seconds. Added 0 classes and 0 folders.
[2023.03.10-16.06.43:343][  0]LogNativeClassHierarchy: Verbose: Native class hierarchy updated for 'SceneOutliner' in 0.0002 seconds. Added 2 classes and 0 folders.
[2023.03.10-16.06.43:392][  0]LogNativeClassHierarchy: Verbose: Native class hierarchy updated for 'HierarchicalLODOutliner' in 0.0004 seconds. Added 0 classes and 0 folders.
[2023.03.10-16.06.43:392][  0]LogLoad: (Engine Initialization) Total time: 22.93 seconds
[2023.03.10-16.06.43:392][  0]LogLoad: (Engine Initialization) Total Blueprint compile time: 0.00 seconds
[2023.03.10-16.06.43:456][  0]LogAssetRegistry: Asset discovery search completed in 7.0255 seconds
[2023.03.10-16.06.43:466][  0]LogCollectionManager: Fixed up redirectors for 0 collections in 0.000006 seconds (updated 0 objects)
[2023.03.10-16.06.43:468][  0]LogContentStreaming: Texture pool size now 1000 MB
[2023.03.10-16.06.43:480][  0]LogSlate: Took 0.000902 seconds to synchronously load lazily loaded font '../../../Engine/Content/Slate/Fonts/Roboto-Regular.ttf' (155K)
[2023.03.10-16.06.43:482][  0]LogSlate: Took 0.000689 seconds to synchronously load lazily loaded font '../../../Engine/Content/Editor/Slate/Fonts/FontAwesome.ttf' (139K)
[2023.03.10-16.06.43:485][  0]LogSlate: Took 0.000642 seconds to synchronously load lazily loaded font '../../../Engine/Content/Slate/Fonts/Roboto-Bold.ttf' (160K)
[2023.03.10-16.06.43:767][  2]LogRenderer: Reallocating scene render targets to support 1240x584 Format 10 NumSamples 1 (Frame:1).
[2023.03.10-16.07.01:601][119]LogRenderer: Reallocating scene render targets to support 1472x680 Format 10 NumSamples 1 (Frame:73).
[2023.03.10-16.07.05:560][345]LogSlate: Took 0.000636 seconds to synchronously load lazily loaded font '../../../Engine/Content/Slate/Fonts/Roboto-Light.ttf' (167K)
[2023.03.10-16.07.10:921][661]MapCheck: New page: Map Check
[2023.03.10-16.07.10:945][661]Cmd: MAP REBUILD ALLVISIBLE
[2023.03.10-16.07.10:945][661]LogEditorServer: Rebuildmap Clear paths rebuilt
[2023.03.10-16.07.10:947][661]LogWorld: UWorld::CleanupWorld for Main, bSessionEnded=true, bCleanupResources=false
[2023.03.10-16.07.10:966][661]LogNavigationDataBuild: Display: UNavigationSystemV1::Build started...
[2023.03.10-16.07.10:966][661]LogNavigationDataBuild: Display:    Building navigation data using PHYSICS_INTERFACE_PHYSX.
[2023.03.10-16.07.10:966][661]LogNavigationDataBuild: Display:    Building navigation data using WITH_PHYSX.
[2023.03.10-16.07.10:972][661]LogUObjectHash: Compacting FUObjectHashTables data took   0.62ms
[2023.03.10-16.07.11:003][661]LogLevel: Display: Export Material TexCoord Scales took 0.029 seconds.
[2023.03.10-16.07.11:005][661]TextureStreamingBuild: Display: Build Texture Streaming took 0.001 seconds.
[2023.03.10-16.07.11:010][661]LogUObjectHash: Compacting FUObjectHashTables data took   0.25ms
[2023.03.10-16.07.11:015][661]LightingResults: New page: Lighting Build - Mar 10, 2023, 10:07:11 PM
[2023.03.10-16.07.11:148][661]LogSwarmInterface: [OpenConnection] Registering TCP channel ...
[2023.03.10-16.07.11:491][661]LogSwarmInterface: [OpenConnection] Connecting to agent ...
[2023.03.10-16.07.11:503][661]LogSwarmInterface: [TryOpenConnection] Testing the Agent
[2023.03.10-16.07.12:033][661]LogSwarmInterface: [TryOpenConnection] Opening Connection to Agent
[2023.03.10-16.07.12:033][661]LogSwarmInterface: [TryOpenConnection] Local Process ID is 2132
[2023.03.10-16.07.14:913][661]LogStaticLightingSystem: Warning: No importance volume found, so the scene bounding box was used.  You can optimize your scene's quality and lighting build times by adding importance volumes.
[2023.03.10-16.07.14:913][661]LogStaticLightingSystem: Running Lightmass w/ ImmediateImport mode ENABLED
[2023.03.10-16.07.14:913][661]LogStaticLightingSystem: Running Lightmass w/ ImmediateProcess mode ENABLED
[2023.03.10-16.07.14:913][661]LogStaticLightingSystem: Running Lightmass w/ Sorting mode ENABLED
[2023.03.10-16.07.14:913][661]LogStaticLightingSystem: Running Lightmass w/ Mapping paddings ENABLED
[2023.03.10-16.07.14:913][661]LogStaticLightingSystem: Running Lightmass w/ Mapping debug paddings DISABLED
[2023.03.10-16.07.15:089][661]Cmd: MAP CHECK DONTDISPLAYDIALOG
[2023.03.10-16.07.15:089][661]MapCheck: New page: Main - Mar 10, 2023, 10:07:15 PM
[2023.03.10-16.07.15:090][661]MapCheck: Map check complete: 0 Error(s), 0 Warning(s), took 1.07ms to complete.
[2023.03.10-16.07.15:092][661]LogEditorBuildUtils: Build time 0:04
[2023.03.10-16.07.15:106][661]LogMaterial: Display: Missing cached shadermap for FLightmassMaterialRenderer MaterialInstanceDynamic_0 in PCD3D_SM5, Default, SM5 (DDC key hash: E196F04F6F9970EA62120D75BF8070669BA10977), compiling. 
[2023.03.10-16.07.15:116][661]LogShaderCompilers: Display: Submitted 2 shader compile jobs with 'Low' priority
[2023.03.10-16.07.15:117][661]LogMaterial: Display: Missing cached shadermap for FLightmassMaterialRenderer MaterialInstanceDynamic_0 in PCD3D_SM5, Default, SM5 (DDC key hash: ED95D2B258450F45B96DD24FF92CD0213EF3DA23), compiling. 
[2023.03.10-16.07.15:123][661]LogShaderCompilers: Display: Submitted 2 shader compile jobs with 'Low' priority
[2023.03.10-16.07.15:163][661]LogShaderCompilers: Display: Worker (1/9): shaders left to compile 4
[2023.03.10-16.07.15:163][661]LogShaderCompilers: Display: Worker (2/9): shaders left to compile 3
[2023.03.10-16.07.15:163][661]LogShaderCompilers: Display: Worker (3/9): shaders left to compile 2
[2023.03.10-16.07.15:163][661]LogShaderCompilers: Display: Worker (4/9): shaders left to compile 1
[2023.03.10-16.07.15:163][661]LogShaderCompilers: Display: Started 4 'Local' shader compile jobs with 'Low' priority
[2023.03.10-16.07.15:197][662]LogMaterial: Display: Missing cached shadermap for FLightmassMaterialRenderer WorldGridMaterial in PCD3D_SM5, Default, SM5 (DDC key hash: 09BE4C7A08E9CF5953A86E83F05117832C1466B9), compiling. Is special engine material.
[2023.03.10-16.07.15:203][662]LogShaderCompilers: Display: Submitted 2 shader compile jobs with 'Low' priority
[2023.03.10-16.07.15:207][662]LogShaderCompilers: Display: Worker (5/9): shaders left to compile 2
[2023.03.10-16.07.15:207][662]LogShaderCompilers: Display: Worker (6/9): shaders left to compile 1
[2023.03.10-16.07.15:207][662]LogShaderCompilers: Display: Started 2 'Local' shader compile jobs with 'Low' priority
[2023.03.10-16.07.15:207][662]LogMaterial: Display: Missing cached shadermap for FLightmassMaterialRenderer WorldGridMaterial in PCD3D_SM5, Default, SM5 (DDC key hash: A2E71CE4DF26E5630E073D9FE8BE1AFD709D796A), compiling. Is special engine material.
[2023.03.10-16.07.15:213][662]LogShaderCompilers: Display: Submitted 2 shader compile jobs with 'Low' priority
[2023.03.10-16.07.15:247][662]LogShaderCompilers: Display: Worker (7/9): shaders left to compile 2
[2023.03.10-16.07.15:247][662]LogShaderCompilers: Display: Worker (8/9): shaders left to compile 1
[2023.03.10-16.07.15:247][662]LogShaderCompilers: Display: Started 2 'Local' shader compile jobs with 'Low' priority
[2023.03.10-16.07.16:367][667]LogUObjectHash: Compacting FUObjectHashTables data took   0.79ms
[2023.03.10-16.07.18:375][719]Job is a success!
[2023.03.10-16.07.18:401][720]LogSlate: Took 0.000126 seconds to synchronously load lazily loaded font '../../../Engine/Content/Slate/Fonts/Roboto-Light.ttf' (167K)
[2023.03.10-16.07.18:452][720]LogVolumetricLightmapImport: Imported Volumetric Lightmap in 0.010s
[2023.03.10-16.07.18:452][720]LogVolumetricLightmapImport:      Indirection Texture 16x16x16 = 0.0Mb
[2023.03.10-16.07.18:453][720]LogVolumetricLightmapImport:      BrickData (all levels) 0.0Mb
[2023.03.10-16.07.18:453][720]LogVolumetricLightmapImport:      Bricks at depth
[2023.03.10-16.07.18:453][720]LogVolumetricLightmapImport:          0: 100.0% covering 100.0% of volume
[2023.03.10-16.07.18:453][720]LogVolumetricLightmapImport:          1: 0.0% covering 0.0% of volume
[2023.03.10-16.07.18:453][720]LogVolumetricLightmapImport:          2: 0.0% covering 0.0% of volume
[2023.03.10-16.07.18:453][720]LogVolumetricLightmapImport:      Bricks in each level
[2023.03.10-16.07.18:453][720]LogVolumetricLightmapImport:          Main 			 1 bricks 	 100.0% (Persistent Level)
[2023.03.10-16.07.18:497][720]LogTexture: Display: Building textures: HQ_Lightmap0_1 (OODLE_AutoDXT, 64X64)
[2023.03.10-16.07.18:497][720]LogTexture: Display: Building textures: LQ_Lightmap_0_1 (OODLE_DXT1, 64X64)
[2023.03.10-16.07.18:497][720]LogTexture: Display: Building textures: ShadowMapTexture2D_0 (G8, 32X32)
[2023.03.10-16.07.18:497][720]Lightmass on LAPTOP-TNTNIKD7: 797 ms total, 188 ms importing, 12 ms setup, 54 ms photons, 489 ms processing, 0 ms extra exporting [1/1 mappings]. Threads: 5.37 sec total, 108 ms processing.
[2023.03.10-16.07.18:507][720]LogUObjectHash: Compacting FUObjectHashTables data took   0.57ms
[2023.03.10-16.07.18:539][720]LogStaticLightingSystem: Illumination: 7.47 sec (3 ms encoding lightmaps, 0 ms encoding shadowmaps)
[2023.03.10-16.07.18:539][720]LogStaticLightingSystem: Lightmap texture memory:  0.0 MB (0.0 MB streaming, 0.0 MB non-streaming), 2 textures
[2023.03.10-16.07.18:539][720]LogStaticLightingSystem: Shadowmap texture memory: 0.0 MB (0.0 MB streaming, 0.0 MB non-streaming), 1 textures
[2023.03.10-16.07.18:909][720]DumpUnbuiltLightIteractions
[2023.03.10-16.07.18:909][720]Lights with unbuilt interactions: 0
[2023.03.10-16.07.18:909][720]
[2023.03.10-16.07.18:909][720]Primitives with unbuilt interactions: 0
[2023.03.10-16.07.18:961][721]Cmd: MAP CHECK NOTIFYRESULTS
[2023.03.10-16.07.18:961][721]MapCheck: New page: Main - Mar 10, 2023, 10:07:18 PM
[2023.03.10-16.07.18:961][721]MapCheck: Map check complete: 0 Error(s), 0 Warning(s), took 0.317ms to complete.
